/home/janhavi/TurtleBot3_Swarm/install/swarm_locate/lib/python3.10/site-packages/swarm_locate/detect_ball.py
/home/janhavi/TurtleBot3_Swarm/install/swarm_locate/lib/python3.10/site-packages/swarm_locate/wall_follow.py
/home/janhavi/TurtleBot3_Swarm/install/swarm_locate/lib/python3.10/site-packages/swarm_locate/ball_navigation.py
/home/janhavi/TurtleBot3_Swarm/install/swarm_locate/lib/python3.10/site-packages/swarm_locate/__init__.py
/home/janhavi/TurtleBot3_Swarm/install/swarm_locate/lib/python3.10/site-packages/swarm_locate/__pycache__/detect_ball.cpython-310.pyc
/home/janhavi/TurtleBot3_Swarm/install/swarm_locate/lib/python3.10/site-packages/swarm_locate/__pycache__/wall_follow.cpython-310.pyc
/home/janhavi/TurtleBot3_Swarm/install/swarm_locate/lib/python3.10/site-packages/swarm_locate/__pycache__/ball_navigation.cpython-310.pyc
/home/janhavi/TurtleBot3_Swarm/install/swarm_locate/lib/python3.10/site-packages/swarm_locate/__pycache__/__init__.cpython-310.pyc
/home/janhavi/TurtleBot3_Swarm/install/swarm_locate/share/ament_index/resource_index/packages/swarm_locate
/home/janhavi/TurtleBot3_Swarm/install/swarm_locate/share/swarm_locate/package.xml
/home/janhavi/TurtleBot3_Swarm/install/swarm_locate/share/swarm_locate/launch/spawn_turtles.launch.py
/home/janhavi/TurtleBot3_Swarm/install/swarm_locate/share/swarm_locate/launch/swarm_behaviour.launch.py
/home/janhavi/TurtleBot3_Swarm/install/swarm_locate/lib/python3.10/site-packages/swarm_locate-0.0.0-py3.10.egg-info/SOURCES.txt
/home/janhavi/TurtleBot3_Swarm/install/swarm_locate/lib/python3.10/site-packages/swarm_locate-0.0.0-py3.10.egg-info/PKG-INFO
/home/janhavi/TurtleBot3_Swarm/install/swarm_locate/lib/python3.10/site-packages/swarm_locate-0.0.0-py3.10.egg-info/requires.txt
/home/janhavi/TurtleBot3_Swarm/install/swarm_locate/lib/python3.10/site-packages/swarm_locate-0.0.0-py3.10.egg-info/dependency_links.txt
/home/janhavi/TurtleBot3_Swarm/install/swarm_locate/lib/python3.10/site-packages/swarm_locate-0.0.0-py3.10.egg-info/zip-safe
/home/janhavi/TurtleBot3_Swarm/install/swarm_locate/lib/python3.10/site-packages/swarm_locate-0.0.0-py3.10.egg-info/entry_points.txt
/home/janhavi/TurtleBot3_Swarm/install/swarm_locate/lib/python3.10/site-packages/swarm_locate-0.0.0-py3.10.egg-info/top_level.txt
/home/janhavi/TurtleBot3_Swarm/install/swarm_locate/lib/swarm_locate/ball_navigation
/home/janhavi/TurtleBot3_Swarm/install/swarm_locate/lib/swarm_locate/detect_ball
/home/janhavi/TurtleBot3_Swarm/install/swarm_locate/lib/swarm_locate/wall_follow
