[0.615s] Invoking command in '/home/janhavi/turtle_swarm/src/my_gazebo': PYTHONPATH=/home/janhavi/turtle_swarm/build/my_gazebo/prefix_override:/usr/lib/python3/dist-packages/colcon_core/task/python/colcon_distutils_commands:/home/janhavi/turtle_swarm/install/my_gazebo/lib/python3.10/site-packages:${PYTHONPATH} /usr/bin/python3 -W ignore:setup.py install is deprecated -W ignore:easy_install command is deprecated setup.py egg_info --egg-base ../../build/my_gazebo build --build-base /home/janhavi/turtle_swarm/build/my_gazebo/build install --record /home/janhavi/turtle_swarm/build/my_gazebo/install.log --single-version-externally-managed install_data
[0.775s] running egg_info
[0.776s] writing ../../build/my_gazebo/my_gazebo.egg-info/PKG-INFO
[0.776s] writing dependency_links to ../../build/my_gazebo/my_gazebo.egg-info/dependency_links.txt
[0.776s] writing entry points to ../../build/my_gazebo/my_gazebo.egg-info/entry_points.txt
[0.776s] writing requirements to ../../build/my_gazebo/my_gazebo.egg-info/requires.txt
[0.776s] writing top-level names to ../../build/my_gazebo/my_gazebo.egg-info/top_level.txt
[0.776s] reading manifest file '../../build/my_gazebo/my_gazebo.egg-info/SOURCES.txt'
[0.777s] writing manifest file '../../build/my_gazebo/my_gazebo.egg-info/SOURCES.txt'
[0.777s] running build
[0.777s] running build_py
[0.777s] running install
[0.777s] running install_lib
[0.778s] running install_data
[0.778s] running install_egg_info
[0.779s] removing '/home/janhavi/turtle_swarm/install/my_gazebo/lib/python3.10/site-packages/my_gazebo-0.0.0-py3.10.egg-info' (and everything under it)
[0.779s] Copying ../../build/my_gazebo/my_gazebo.egg-info to /home/janhavi/turtle_swarm/install/my_gazebo/lib/python3.10/site-packages/my_gazebo-0.0.0-py3.10.egg-info
[0.779s] running install_scripts
[0.793s] writing list of installed files to '/home/janhavi/turtle_swarm/build/my_gazebo/install.log'
[0.822s] Invoked command in '/home/janhavi/turtle_swarm/src/my_gazebo' returned '0': PYTHONPATH=/home/janhavi/turtle_swarm/build/my_gazebo/prefix_override:/usr/lib/python3/dist-packages/colcon_core/task/python/colcon_distutils_commands:/home/janhavi/turtle_swarm/install/my_gazebo/lib/python3.10/site-packages:${PYTHONPATH} /usr/bin/python3 -W ignore:setup.py install is deprecated -W ignore:easy_install command is deprecated setup.py egg_info --egg-base ../../build/my_gazebo build --build-base /home/janhavi/turtle_swarm/build/my_gazebo/build install --record /home/janhavi/turtle_swarm/build/my_gazebo/install.log --single-version-externally-managed install_data
