running egg_info
creating ../../build/swarm_locate/swarm_locate.egg-info
writing ../../build/swarm_locate/swarm_locate.egg-info/PKG-INFO
writing dependency_links to ../../build/swarm_locate/swarm_locate.egg-info/dependency_links.txt
writing entry points to ../../build/swarm_locate/swarm_locate.egg-info/entry_points.txt
writing requirements to ../../build/swarm_locate/swarm_locate.egg-info/requires.txt
writing top-level names to ../../build/swarm_locate/swarm_locate.egg-info/top_level.txt
writing manifest file '../../build/swarm_locate/swarm_locate.egg-info/SOURCES.txt'
reading manifest file '../../build/swarm_locate/swarm_locate.egg-info/SOURCES.txt'
writing manifest file '../../build/swarm_locate/swarm_locate.egg-info/SOURCES.txt'
running build
running build_py
creating /home/janhavi/turtle_swarm/build/swarm_locate/build
creating /home/janhavi/turtle_swarm/build/swarm_locate/build/lib
creating /home/janhavi/turtle_swarm/build/swarm_locate/build/lib/swarm_locate
copying swarm_locate/__init__.py -> /home/janhavi/turtle_swarm/build/swarm_locate/build/lib/swarm_locate
running install
running install_lib
creating /home/janhavi/turtle_swarm/install/swarm_locate/lib/python3.10/site-packages/swarm_locate
copying /home/janhavi/turtle_swarm/build/swarm_locate/build/lib/swarm_locate/__init__.py -> /home/janhavi/turtle_swarm/install/swarm_locate/lib/python3.10/site-packages/swarm_locate
byte-compiling /home/janhavi/turtle_swarm/install/swarm_locate/lib/python3.10/site-packages/swarm_locate/__init__.py to __init__.cpython-310.pyc
running install_data
creating /home/janhavi/turtle_swarm/install/swarm_locate/share/ament_index
creating /home/janhavi/turtle_swarm/install/swarm_locate/share/ament_index/resource_index
creating /home/janhavi/turtle_swarm/install/swarm_locate/share/ament_index/resource_index/packages
copying resource/swarm_locate -> /home/janhavi/turtle_swarm/install/swarm_locate/share/ament_index/resource_index/packages
copying package.xml -> /home/janhavi/turtle_swarm/install/swarm_locate/share/swarm_locate
running install_egg_info
Copying ../../build/swarm_locate/swarm_locate.egg-info to /home/janhavi/turtle_swarm/install/swarm_locate/lib/python3.10/site-packages/swarm_locate-0.0.0-py3.10.egg-info
running install_scripts
writing list of installed files to '/home/janhavi/turtle_swarm/build/swarm_locate/install.log'
