[0.903s] Invoking command in '/home/janhavi/turtle_swarm/src/swarm_locate': PYTHONPATH=/home/janhavi/turtle_swarm/build/swarm_locate/prefix_override:/usr/lib/python3/dist-packages/colcon_core/task/python/colcon_distutils_commands:/home/janhavi/turtle_swarm/install/swarm_locate/lib/python3.10/site-packages:${PYTHONPATH} /usr/bin/python3 -W ignore:setup.py install is deprecated -W ignore:easy_install command is deprecated setup.py egg_info --egg-base ../../build/swarm_locate build --build-base /home/janhavi/turtle_swarm/build/swarm_locate/build install --record /home/janhavi/turtle_swarm/build/swarm_locate/install.log --single-version-externally-managed install_data
[1.199s] running egg_info
[1.199s] creating ../../build/swarm_locate/swarm_locate.egg-info
[1.199s] writing ../../build/swarm_locate/swarm_locate.egg-info/PKG-INFO
[1.199s] writing dependency_links to ../../build/swarm_locate/swarm_locate.egg-info/dependency_links.txt
[1.200s] writing entry points to ../../build/swarm_locate/swarm_locate.egg-info/entry_points.txt
[1.200s] writing requirements to ../../build/swarm_locate/swarm_locate.egg-info/requires.txt
[1.200s] writing top-level names to ../../build/swarm_locate/swarm_locate.egg-info/top_level.txt
[1.200s] writing manifest file '../../build/swarm_locate/swarm_locate.egg-info/SOURCES.txt'
[1.201s] reading manifest file '../../build/swarm_locate/swarm_locate.egg-info/SOURCES.txt'
[1.202s] writing manifest file '../../build/swarm_locate/swarm_locate.egg-info/SOURCES.txt'
[1.202s] running build
[1.202s] running build_py
[1.203s] creating /home/janhavi/turtle_swarm/build/swarm_locate/build
[1.203s] creating /home/janhavi/turtle_swarm/build/swarm_locate/build/lib
[1.203s] creating /home/janhavi/turtle_swarm/build/swarm_locate/build/lib/swarm_locate
[1.203s] copying swarm_locate/__init__.py -> /home/janhavi/turtle_swarm/build/swarm_locate/build/lib/swarm_locate
[1.203s] running install
[1.203s] running install_lib
[1.204s] creating /home/janhavi/turtle_swarm/install/swarm_locate/lib/python3.10/site-packages/swarm_locate
[1.204s] copying /home/janhavi/turtle_swarm/build/swarm_locate/build/lib/swarm_locate/__init__.py -> /home/janhavi/turtle_swarm/install/swarm_locate/lib/python3.10/site-packages/swarm_locate
[1.204s] byte-compiling /home/janhavi/turtle_swarm/install/swarm_locate/lib/python3.10/site-packages/swarm_locate/__init__.py to __init__.cpython-310.pyc
[1.204s] running install_data
[1.204s] creating /home/janhavi/turtle_swarm/install/swarm_locate/share/ament_index
[1.205s] creating /home/janhavi/turtle_swarm/install/swarm_locate/share/ament_index/resource_index
[1.205s] creating /home/janhavi/turtle_swarm/install/swarm_locate/share/ament_index/resource_index/packages
[1.205s] copying resource/swarm_locate -> /home/janhavi/turtle_swarm/install/swarm_locate/share/ament_index/resource_index/packages
[1.205s] copying package.xml -> /home/janhavi/turtle_swarm/install/swarm_locate/share/swarm_locate
[1.205s] running install_egg_info
[1.207s] Copying ../../build/swarm_locate/swarm_locate.egg-info to /home/janhavi/turtle_swarm/install/swarm_locate/lib/python3.10/site-packages/swarm_locate-0.0.0-py3.10.egg-info
[1.207s] running install_scripts
[1.230s] writing list of installed files to '/home/janhavi/turtle_swarm/build/swarm_locate/install.log'
[1.259s] Invoked command in '/home/janhavi/turtle_swarm/src/swarm_locate' returned '0': PYTHONPATH=/home/janhavi/turtle_swarm/build/swarm_locate/prefix_override:/usr/lib/python3/dist-packages/colcon_core/task/python/colcon_distutils_commands:/home/janhavi/turtle_swarm/install/swarm_locate/lib/python3.10/site-packages:${PYTHONPATH} /usr/bin/python3 -W ignore:setup.py install is deprecated -W ignore:easy_install command is deprecated setup.py egg_info --egg-base ../../build/swarm_locate build --build-base /home/janhavi/turtle_swarm/build/swarm_locate/build install --record /home/janhavi/turtle_swarm/build/swarm_locate/install.log --single-version-externally-managed install_data
