/home/janhavi/.local/lib/python3.10/site-packages/setuptools/_distutils/dist.py:261: UserWarning: Unknown distribution option: 'tests_require'
  warnings.warn(msg)
running egg_info
writing ../../build/my_gazebo/my_gazebo.egg-info/PKG-INFO
writing dependency_links to ../../build/my_gazebo/my_gazebo.egg-info/dependency_links.txt
writing requirements to ../../build/my_gazebo/my_gazebo.egg-info/requires.txt
writing top-level names to ../../build/my_gazebo/my_gazebo.egg-info/top_level.txt
reading manifest file '../../build/my_gazebo/my_gazebo.egg-info/SOURCES.txt'
writing manifest file '../../build/my_gazebo/my_gazebo.egg-info/SOURCES.txt'
running build
running build_py
copying my_gazebo/__init__.py -> /home/janhavi/TurtleBot3_Swarm/build/my_gazebo/build/lib/my_gazebo
running install
running install_lib
running install_data
copying resource/my_gazebo -> /home/janhavi/TurtleBot3_Swarm/install/my_gazebo/share/ament_index/resource_index/packages
copying package.xml -> /home/janhavi/TurtleBot3_Swarm/install/my_gazebo/share/my_gazebo
running install_egg_info
removing '/home/janhavi/TurtleBot3_Swarm/install/my_gazebo/lib/python3.10/site-packages/my_gazebo-0.0.0-py3.10.egg-info' (and everything under it)
Copying ../../build/my_gazebo/my_gazebo.egg-info to /home/janhavi/TurtleBot3_Swarm/install/my_gazebo/lib/python3.10/site-packages/my_gazebo-0.0.0-py3.10.egg-info
running install_scripts
writing list of installed files to '/home/janhavi/TurtleBot3_Swarm/build/my_gazebo/install.log'
