[0.153s] DEBUG:colcon:Command line arguments: ['/usr/bin/colcon', 'build']
[0.153s] DEBUG:colcon:Parsed command line arguments: Namespace(log_base=None, log_level=None, verb_name='build', build_base='build', install_base='install', merge_install=False, symlink_install=False, test_result_base=None, continue_on_error=False, executor='parallel', parallel_workers=12, event_handlers=None, ignore_user_meta=False, metas=['./colcon.meta'], base_paths=['.'], packages_ignore=None, packages_ignore_regex=None, paths=None, packages_up_to=None, packages_up_to_regex=None, packages_above=None, packages_above_and_dependencies=None, packages_above_depth=None, packages_select_by_dep=None, packages_skip_by_dep=None, packages_skip_up_to=None, packages_select_build_failed=False, packages_skip_build_finished=False, packages_select_test_failures=False, packages_skip_test_passed=False, packages_select=None, packages_skip=None, packages_select_regex=None, packages_skip_regex=None, packages_start=None, packages_end=None, allow_overriding=[], cmake_args=None, cmake_target=None, cmake_target_skip_unavailable=False, cmake_clean_cache=False, cmake_clean_first=False, cmake_force_configure=False, ament_cmake_args=None, catkin_cmake_args=None, catkin_skip_building_tests=False, mixin_files=None, mixin=None, verb_parser=<colcon_mixin.mixin.mixin_argument.MixinArgumentDecorator object at 0x74bf9dd84760>, verb_extension=<colcon_core.verb.build.BuildVerb object at 0x74bf9dd841f0>, main=<bound method BuildVerb.main of <colcon_core.verb.build.BuildVerb object at 0x74bf9dd841f0>>, mixin_verb=('build',))
[0.360s] Level 1:colcon.colcon_core.package_discovery:discover_packages(colcon_meta) check parameters
[0.360s] Level 1:colcon.colcon_core.package_discovery:discover_packages(recursive) check parameters
[0.360s] Level 1:colcon.colcon_core.package_discovery:discover_packages(ignore) check parameters
[0.360s] Level 1:colcon.colcon_core.package_discovery:discover_packages(path) check parameters
[0.360s] Level 1:colcon.colcon_core.package_discovery:discover_packages(colcon_meta) discover
[0.360s] Level 1:colcon.colcon_core.package_discovery:discover_packages(recursive) discover
[0.360s] INFO:colcon.colcon_core.package_discovery:Crawling recursively for packages in '/home/janhavi/turtle_swarm'
[0.360s] Level 1:colcon.colcon_core.package_identification:_identify(.) by extensions ['ignore', 'ignore_ament_install']
[0.360s] Level 1:colcon.colcon_core.package_identification:_identify(.) by extension 'ignore'
[0.360s] Level 1:colcon.colcon_core.package_identification:_identify(.) by extension 'ignore_ament_install'
[0.360s] Level 1:colcon.colcon_core.package_identification:_identify(.) by extensions ['colcon_pkg']
[0.360s] Level 1:colcon.colcon_core.package_identification:_identify(.) by extension 'colcon_pkg'
[0.360s] Level 1:colcon.colcon_core.package_identification:_identify(.) by extensions ['colcon_meta']
[0.360s] Level 1:colcon.colcon_core.package_identification:_identify(.) by extension 'colcon_meta'
[0.360s] Level 1:colcon.colcon_core.package_identification:_identify(.) by extensions ['ros']
[0.360s] Level 1:colcon.colcon_core.package_identification:_identify(.) by extension 'ros'
[0.382s] Level 1:colcon.colcon_core.package_identification:_identify(.) by extensions ['cmake', 'python']
[0.382s] Level 1:colcon.colcon_core.package_identification:_identify(.) by extension 'cmake'
[0.382s] Level 1:colcon.colcon_core.package_identification:_identify(.) by extension 'python'
[0.382s] Level 1:colcon.colcon_core.package_identification:_identify(.) by extensions ['python_setup_py']
[0.382s] Level 1:colcon.colcon_core.package_identification:_identify(.) by extension 'python_setup_py'
[0.382s] Level 1:colcon.colcon_core.package_identification:_identify(build) by extensions ['ignore', 'ignore_ament_install']
[0.382s] Level 1:colcon.colcon_core.package_identification:_identify(build) by extension 'ignore'
[0.382s] Level 1:colcon.colcon_core.package_identification:_identify(build) ignored
[0.382s] Level 1:colcon.colcon_core.package_identification:_identify(install) by extensions ['ignore', 'ignore_ament_install']
[0.382s] Level 1:colcon.colcon_core.package_identification:_identify(install) by extension 'ignore'
[0.382s] Level 1:colcon.colcon_core.package_identification:_identify(install) ignored
[0.383s] Level 1:colcon.colcon_core.package_identification:_identify(log) by extensions ['ignore', 'ignore_ament_install']
[0.383s] Level 1:colcon.colcon_core.package_identification:_identify(log) by extension 'ignore'
[0.383s] Level 1:colcon.colcon_core.package_identification:_identify(log) ignored
[0.383s] Level 1:colcon.colcon_core.package_identification:_identify(src) by extensions ['ignore', 'ignore_ament_install']
[0.383s] Level 1:colcon.colcon_core.package_identification:_identify(src) by extension 'ignore'
[0.383s] Level 1:colcon.colcon_core.package_identification:_identify(src) by extension 'ignore_ament_install'
[0.383s] Level 1:colcon.colcon_core.package_identification:_identify(src) by extensions ['colcon_pkg']
[0.383s] Level 1:colcon.colcon_core.package_identification:_identify(src) by extension 'colcon_pkg'
[0.383s] Level 1:colcon.colcon_core.package_identification:_identify(src) by extensions ['colcon_meta']
[0.383s] Level 1:colcon.colcon_core.package_identification:_identify(src) by extension 'colcon_meta'
[0.383s] Level 1:colcon.colcon_core.package_identification:_identify(src) by extensions ['ros']
[0.383s] Level 1:colcon.colcon_core.package_identification:_identify(src) by extension 'ros'
[0.383s] Level 1:colcon.colcon_core.package_identification:_identify(src) by extensions ['cmake', 'python']
[0.383s] Level 1:colcon.colcon_core.package_identification:_identify(src) by extension 'cmake'
[0.383s] Level 1:colcon.colcon_core.package_identification:_identify(src) by extension 'python'
[0.383s] Level 1:colcon.colcon_core.package_identification:_identify(src) by extensions ['python_setup_py']
[0.383s] Level 1:colcon.colcon_core.package_identification:_identify(src) by extension 'python_setup_py'
[0.383s] Level 1:colcon.colcon_core.package_identification:_identify(src/my_gazebo) by extensions ['ignore', 'ignore_ament_install']
[0.383s] Level 1:colcon.colcon_core.package_identification:_identify(src/my_gazebo) by extension 'ignore'
[0.383s] Level 1:colcon.colcon_core.package_identification:_identify(src/my_gazebo) by extension 'ignore_ament_install'
[0.383s] Level 1:colcon.colcon_core.package_identification:_identify(src/my_gazebo) by extensions ['colcon_pkg']
[0.383s] Level 1:colcon.colcon_core.package_identification:_identify(src/my_gazebo) by extension 'colcon_pkg'
[0.384s] Level 1:colcon.colcon_core.package_identification:_identify(src/my_gazebo) by extensions ['colcon_meta']
[0.384s] Level 1:colcon.colcon_core.package_identification:_identify(src/my_gazebo) by extension 'colcon_meta'
[0.384s] Level 1:colcon.colcon_core.package_identification:_identify(src/my_gazebo) by extensions ['ros']
[0.384s] Level 1:colcon.colcon_core.package_identification:_identify(src/my_gazebo) by extension 'ros'
[0.384s] Level 1:colcon.colcon_core.package_identification:_identify(src/my_gazebo) by extensions ['cmake', 'python']
[0.384s] Level 1:colcon.colcon_core.package_identification:_identify(src/my_gazebo) by extension 'cmake'
[0.384s] Level 1:colcon.colcon_core.package_identification:_identify(src/my_gazebo) by extension 'python'
[0.384s] Level 1:colcon.colcon_core.package_identification:_identify(src/my_gazebo) by extensions ['python_setup_py']
[0.384s] Level 1:colcon.colcon_core.package_identification:_identify(src/my_gazebo) by extension 'python_setup_py'
[0.384s] Level 1:colcon.colcon_core.package_identification:_identify(src/my_gazebo/worlds) by extensions ['ignore', 'ignore_ament_install']
[0.384s] Level 1:colcon.colcon_core.package_identification:_identify(src/my_gazebo/worlds) by extension 'ignore'
[0.384s] Level 1:colcon.colcon_core.package_identification:_identify(src/my_gazebo/worlds) by extension 'ignore_ament_install'
[0.384s] Level 1:colcon.colcon_core.package_identification:_identify(src/my_gazebo/worlds) by extensions ['colcon_pkg']
[0.384s] Level 1:colcon.colcon_core.package_identification:_identify(src/my_gazebo/worlds) by extension 'colcon_pkg'
[0.384s] Level 1:colcon.colcon_core.package_identification:_identify(src/my_gazebo/worlds) by extensions ['colcon_meta']
[0.384s] Level 1:colcon.colcon_core.package_identification:_identify(src/my_gazebo/worlds) by extension 'colcon_meta'
[0.384s] Level 1:colcon.colcon_core.package_identification:_identify(src/my_gazebo/worlds) by extensions ['ros']
[0.384s] Level 1:colcon.colcon_core.package_identification:_identify(src/my_gazebo/worlds) by extension 'ros'
[0.384s] Level 1:colcon.colcon_core.package_identification:_identify(src/my_gazebo/worlds) by extensions ['cmake', 'python']
[0.384s] Level 1:colcon.colcon_core.package_identification:_identify(src/my_gazebo/worlds) by extension 'cmake'
[0.384s] Level 1:colcon.colcon_core.package_identification:_identify(src/my_gazebo/worlds) by extension 'python'
[0.384s] Level 1:colcon.colcon_core.package_identification:_identify(src/my_gazebo/worlds) by extensions ['python_setup_py']
[0.384s] Level 1:colcon.colcon_core.package_identification:_identify(src/my_gazebo/worlds) by extension 'python_setup_py'
[0.385s] Level 1:colcon.colcon_core.package_identification:_identify(src/swarm_locate) by extensions ['ignore', 'ignore_ament_install']
[0.385s] Level 1:colcon.colcon_core.package_identification:_identify(src/swarm_locate) by extension 'ignore'
[0.385s] Level 1:colcon.colcon_core.package_identification:_identify(src/swarm_locate) by extension 'ignore_ament_install'
[0.385s] Level 1:colcon.colcon_core.package_identification:_identify(src/swarm_locate) by extensions ['colcon_pkg']
[0.385s] Level 1:colcon.colcon_core.package_identification:_identify(src/swarm_locate) by extension 'colcon_pkg'
[0.385s] Level 1:colcon.colcon_core.package_identification:_identify(src/swarm_locate) by extensions ['colcon_meta']
[0.385s] Level 1:colcon.colcon_core.package_identification:_identify(src/swarm_locate) by extension 'colcon_meta'
[0.385s] Level 1:colcon.colcon_core.package_identification:_identify(src/swarm_locate) by extensions ['ros']
[0.385s] Level 1:colcon.colcon_core.package_identification:_identify(src/swarm_locate) by extension 'ros'
[0.402s] DEBUG:colcon.colcon_core.package_identification:Package 'src/swarm_locate' with type 'ros.ament_python' and name 'swarm_locate'
[0.402s] Level 1:colcon.colcon_core.package_discovery:discover_packages(recursive) using defaults
[0.403s] Level 1:colcon.colcon_core.package_discovery:discover_packages(ignore) discover
[0.403s] Level 1:colcon.colcon_core.package_discovery:discover_packages(ignore) using defaults
[0.403s] Level 1:colcon.colcon_core.package_discovery:discover_packages(path) discover
[0.403s] Level 1:colcon.colcon_core.package_discovery:discover_packages(path) using defaults
[0.427s] Level 1:colcon.colcon_core.package_discovery:discover_packages(prefix_path) check parameters
[0.427s] Level 1:colcon.colcon_core.package_discovery:discover_packages(prefix_path) discover
[0.430s] DEBUG:colcon.colcon_installed_package_information.package_discovery:Found 384 installed packages in /opt/ros/humble
[0.432s] Level 1:colcon.colcon_core.package_discovery:discover_packages(prefix_path) using defaults
[0.478s] Level 5:colcon.colcon_core.verb:set package 'swarm_locate' build argument 'cmake_args' from command line to 'None'
[0.478s] Level 5:colcon.colcon_core.verb:set package 'swarm_locate' build argument 'cmake_target' from command line to 'None'
[0.478s] Level 5:colcon.colcon_core.verb:set package 'swarm_locate' build argument 'cmake_target_skip_unavailable' from command line to 'False'
[0.478s] Level 5:colcon.colcon_core.verb:set package 'swarm_locate' build argument 'cmake_clean_cache' from command line to 'False'
[0.478s] Level 5:colcon.colcon_core.verb:set package 'swarm_locate' build argument 'cmake_clean_first' from command line to 'False'
[0.478s] Level 5:colcon.colcon_core.verb:set package 'swarm_locate' build argument 'cmake_force_configure' from command line to 'False'
[0.478s] Level 5:colcon.colcon_core.verb:set package 'swarm_locate' build argument 'ament_cmake_args' from command line to 'None'
[0.478s] Level 5:colcon.colcon_core.verb:set package 'swarm_locate' build argument 'catkin_cmake_args' from command line to 'None'
[0.478s] Level 5:colcon.colcon_core.verb:set package 'swarm_locate' build argument 'catkin_skip_building_tests' from command line to 'False'
[0.478s] DEBUG:colcon.colcon_core.verb:Building package 'swarm_locate' with the following arguments: {'ament_cmake_args': None, 'build_base': '/home/janhavi/turtle_swarm/build/swarm_locate', 'catkin_cmake_args': None, 'catkin_skip_building_tests': False, 'cmake_args': None, 'cmake_clean_cache': False, 'cmake_clean_first': False, 'cmake_force_configure': False, 'cmake_target': None, 'cmake_target_skip_unavailable': False, 'install_base': '/home/janhavi/turtle_swarm/install/swarm_locate', 'merge_install': False, 'path': '/home/janhavi/turtle_swarm/src/swarm_locate', 'symlink_install': False, 'test_result_base': None}
[0.478s] INFO:colcon.colcon_core.executor:Executing jobs using 'parallel' executor
[0.479s] DEBUG:colcon.colcon_parallel_executor.executor.parallel:run_until_complete
[0.479s] INFO:colcon.colcon_ros.task.ament_python.build:Building ROS package in '/home/janhavi/turtle_swarm/src/swarm_locate' with build type 'ament_python'
[0.480s] Level 1:colcon.colcon_core.shell:create_environment_hook('swarm_locate', 'ament_prefix_path')
[0.482s] INFO:colcon.colcon_core.plugin_system:Skipping extension 'colcon_core.shell.bat': Not used on non-Windows systems
[0.482s] INFO:colcon.colcon_core.shell:Creating environment hook '/home/janhavi/turtle_swarm/install/swarm_locate/share/swarm_locate/hook/ament_prefix_path.ps1'
[0.483s] INFO:colcon.colcon_core.shell:Creating environment descriptor '/home/janhavi/turtle_swarm/install/swarm_locate/share/swarm_locate/hook/ament_prefix_path.dsv'
[0.484s] INFO:colcon.colcon_core.shell:Creating environment hook '/home/janhavi/turtle_swarm/install/swarm_locate/share/swarm_locate/hook/ament_prefix_path.sh'
[0.485s] INFO:colcon.colcon_core.shell:Skip shell extension 'powershell' for command environment: Not usable outside of PowerShell
[0.485s] DEBUG:colcon.colcon_core.shell:Skip shell extension 'dsv' for command environment
[0.832s] INFO:colcon.colcon_core.task.python.build:Building Python package in '/home/janhavi/turtle_swarm/src/swarm_locate'
[0.832s] INFO:colcon.colcon_core.shell:Skip shell extension 'powershell' for command environment: Not usable outside of PowerShell
[0.832s] DEBUG:colcon.colcon_core.shell:Skip shell extension 'dsv' for command environment
[1.383s] DEBUG:colcon.colcon_core.event_handler.log_command:Invoking command in '/home/janhavi/turtle_swarm/src/swarm_locate': PYTHONPATH=/home/janhavi/turtle_swarm/build/swarm_locate/prefix_override:/usr/lib/python3/dist-packages/colcon_core/task/python/colcon_distutils_commands:/home/janhavi/turtle_swarm/install/swarm_locate/lib/python3.10/site-packages:${PYTHONPATH} /usr/bin/python3 -W ignore:setup.py install is deprecated -W ignore:easy_install command is deprecated setup.py egg_info --egg-base ../../build/swarm_locate build --build-base /home/janhavi/turtle_swarm/build/swarm_locate/build install --record /home/janhavi/turtle_swarm/build/swarm_locate/install.log --single-version-externally-managed install_data
[1.739s] DEBUG:colcon.colcon_core.event_handler.log_command:Invoked command in '/home/janhavi/turtle_swarm/src/swarm_locate' returned '0': PYTHONPATH=/home/janhavi/turtle_swarm/build/swarm_locate/prefix_override:/usr/lib/python3/dist-packages/colcon_core/task/python/colcon_distutils_commands:/home/janhavi/turtle_swarm/install/swarm_locate/lib/python3.10/site-packages:${PYTHONPATH} /usr/bin/python3 -W ignore:setup.py install is deprecated -W ignore:easy_install command is deprecated setup.py egg_info --egg-base ../../build/swarm_locate build --build-base /home/janhavi/turtle_swarm/build/swarm_locate/build install --record /home/janhavi/turtle_swarm/build/swarm_locate/install.log --single-version-externally-managed install_data
[1.744s] Level 1:colcon.colcon_core.environment:checking '/home/janhavi/turtle_swarm/install/swarm_locate' for CMake module files
[1.745s] Level 1:colcon.colcon_core.environment:checking '/home/janhavi/turtle_swarm/install/swarm_locate' for CMake config files
[1.746s] Level 1:colcon.colcon_core.environment:checking '/home/janhavi/turtle_swarm/install/swarm_locate/lib'
[1.746s] Level 1:colcon.colcon_core.environment:checking '/home/janhavi/turtle_swarm/install/swarm_locate/bin'
[1.746s] Level 1:colcon.colcon_core.environment:checking '/home/janhavi/turtle_swarm/install/swarm_locate/lib/pkgconfig/swarm_locate.pc'
[1.747s] Level 1:colcon.colcon_core.environment:checking '/home/janhavi/turtle_swarm/install/swarm_locate/lib/python3.10/site-packages'
[1.747s] Level 1:colcon.colcon_core.shell:create_environment_hook('swarm_locate', 'pythonpath')
[1.747s] INFO:colcon.colcon_core.shell:Creating environment hook '/home/janhavi/turtle_swarm/install/swarm_locate/share/swarm_locate/hook/pythonpath.ps1'
[1.748s] INFO:colcon.colcon_core.shell:Creating environment descriptor '/home/janhavi/turtle_swarm/install/swarm_locate/share/swarm_locate/hook/pythonpath.dsv'
[1.748s] INFO:colcon.colcon_core.shell:Creating environment hook '/home/janhavi/turtle_swarm/install/swarm_locate/share/swarm_locate/hook/pythonpath.sh'
[1.749s] Level 1:colcon.colcon_core.environment:checking '/home/janhavi/turtle_swarm/install/swarm_locate/bin'
[1.749s] Level 1:colcon.colcon_core.environment:create_environment_scripts_only(swarm_locate)
[1.749s] INFO:colcon.colcon_core.shell:Creating package script '/home/janhavi/turtle_swarm/install/swarm_locate/share/swarm_locate/package.ps1'
[1.750s] INFO:colcon.colcon_core.shell:Creating package descriptor '/home/janhavi/turtle_swarm/install/swarm_locate/share/swarm_locate/package.dsv'
[1.751s] INFO:colcon.colcon_core.shell:Creating package script '/home/janhavi/turtle_swarm/install/swarm_locate/share/swarm_locate/package.sh'
[1.752s] INFO:colcon.colcon_core.shell:Creating package script '/home/janhavi/turtle_swarm/install/swarm_locate/share/swarm_locate/package.bash'
[1.754s] INFO:colcon.colcon_core.shell:Creating package script '/home/janhavi/turtle_swarm/install/swarm_locate/share/swarm_locate/package.zsh'
[1.755s] Level 1:colcon.colcon_core.environment:create_file_with_runtime_dependencies(/home/janhavi/turtle_swarm/install/swarm_locate/share/colcon-core/packages/swarm_locate)
[1.755s] DEBUG:colcon.colcon_parallel_executor.executor.parallel:closing loop
[1.756s] DEBUG:colcon.colcon_parallel_executor.executor.parallel:loop closed
[1.756s] DEBUG:colcon.colcon_parallel_executor.executor.parallel:run_until_complete finished with '0'
[1.756s] DEBUG:colcon.colcon_core.event_reactor:joining thread
[1.763s] INFO:colcon.colcon_core.plugin_system:Skipping extension 'colcon_notification.desktop_notification.terminal_notifier': Not used on non-Darwin systems
[1.763s] INFO:colcon.colcon_core.plugin_system:Skipping extension 'colcon_notification.desktop_notification.win32': Not used on non-Windows systems
[1.763s] INFO:colcon.colcon_notification.desktop_notification:Sending desktop notification using 'notify2'
[1.781s] DEBUG:colcon.colcon_core.event_reactor:joined thread
[1.782s] INFO:colcon.colcon_core.shell:Creating prefix script '/home/janhavi/turtle_swarm/install/local_setup.ps1'
[1.783s] INFO:colcon.colcon_core.shell:Creating prefix util module '/home/janhavi/turtle_swarm/install/_local_setup_util_ps1.py'
[1.785s] INFO:colcon.colcon_core.shell:Creating prefix chain script '/home/janhavi/turtle_swarm/install/setup.ps1'
[1.786s] INFO:colcon.colcon_core.shell:Creating prefix script '/home/janhavi/turtle_swarm/install/local_setup.sh'
[1.787s] INFO:colcon.colcon_core.shell:Creating prefix util module '/home/janhavi/turtle_swarm/install/_local_setup_util_sh.py'
[1.788s] INFO:colcon.colcon_core.shell:Creating prefix chain script '/home/janhavi/turtle_swarm/install/setup.sh'
[1.789s] INFO:colcon.colcon_core.shell:Creating prefix script '/home/janhavi/turtle_swarm/install/local_setup.bash'
[1.790s] INFO:colcon.colcon_core.shell:Creating prefix chain script '/home/janhavi/turtle_swarm/install/setup.bash'
[1.792s] INFO:colcon.colcon_core.shell:Creating prefix script '/home/janhavi/turtle_swarm/install/local_setup.zsh'
[1.792s] INFO:colcon.colcon_core.shell:Creating prefix chain script '/home/janhavi/turtle_swarm/install/setup.zsh'
