[1.258s] Invoking command in '/home/janhavi/TurtleBot3_Swarm/src/swarm_locate': PYTHONPATH=/home/janhavi/TurtleBot3_Swarm/build/swarm_locate/prefix_override:/usr/lib/python3/dist-packages/colcon_core/task/python/colcon_distutils_commands:/home/janhavi/TurtleBot3_Swarm/install/swarm_locate/lib/python3.10/site-packages:${PYTHONPATH} /usr/bin/python3 -W ignore:setup.py install is deprecated -W ignore:easy_install command is deprecated setup.py egg_info --egg-base ../../build/swarm_locate build --build-base /home/janhavi/TurtleBot3_Swarm/build/swarm_locate/build install --record /home/janhavi/TurtleBot3_Swarm/build/swarm_locate/install.log --single-version-externally-managed install_data
[1.621s] running egg_info
[1.644s] writing ../../build/swarm_locate/swarm_locate.egg-info/PKG-INFO
[1.645s] writing dependency_links to ../../build/swarm_locate/swarm_locate.egg-info/dependency_links.txt
[1.646s] writing entry points to ../../build/swarm_locate/swarm_locate.egg-info/entry_points.txt
[1.646s] writing requirements to ../../build/swarm_locate/swarm_locate.egg-info/requires.txt
[1.646s] writing top-level names to ../../build/swarm_locate/swarm_locate.egg-info/top_level.txt
[1.692s] reading manifest file '../../build/swarm_locate/swarm_locate.egg-info/SOURCES.txt'
[1.694s] writing manifest file '../../build/swarm_locate/swarm_locate.egg-info/SOURCES.txt'
[1.694s] running build
[1.694s] running build_py
[1.694s] copying swarm_locate/detect_ball.py -> /home/janhavi/TurtleBot3_Swarm/build/swarm_locate/build/lib/swarm_locate
[1.695s] copying swarm_locate/wall_follow.py -> /home/janhavi/TurtleBot3_Swarm/build/swarm_locate/build/lib/swarm_locate
[1.695s] copying swarm_locate/ball_navigation.py -> /home/janhavi/TurtleBot3_Swarm/build/swarm_locate/build/lib/swarm_locate
[1.695s] copying swarm_locate/__init__.py -> /home/janhavi/TurtleBot3_Swarm/build/swarm_locate/build/lib/swarm_locate
[1.695s] running install
[1.703s] running install_lib
[1.725s] copying /home/janhavi/TurtleBot3_Swarm/build/swarm_locate/build/lib/swarm_locate/ball_navigation.py -> /home/janhavi/TurtleBot3_Swarm/install/swarm_locate/lib/python3.10/site-packages/swarm_locate
[1.726s] byte-compiling /home/janhavi/TurtleBot3_Swarm/install/swarm_locate/lib/python3.10/site-packages/swarm_locate/ball_navigation.py to ball_navigation.cpython-310.pyc
[1.729s] running install_data
[1.729s] copying resource/swarm_locate -> /home/janhavi/TurtleBot3_Swarm/install/swarm_locate/share/ament_index/resource_index/packages
[1.729s] copying package.xml -> /home/janhavi/TurtleBot3_Swarm/install/swarm_locate/share/swarm_locate
[1.730s] copying launch/spawn_turtles.launch.py -> /home/janhavi/TurtleBot3_Swarm/install/swarm_locate/share/swarm_locate/launch
[1.730s] copying launch/swarm_behaviour.launch.py -> /home/janhavi/TurtleBot3_Swarm/install/swarm_locate/share/swarm_locate/launch
[1.730s] running install_egg_info
[1.757s] removing '/home/janhavi/TurtleBot3_Swarm/install/swarm_locate/lib/python3.10/site-packages/swarm_locate-0.0.0-py3.10.egg-info' (and everything under it)
[1.757s] Copying ../../build/swarm_locate/swarm_locate.egg-info to /home/janhavi/TurtleBot3_Swarm/install/swarm_locate/lib/python3.10/site-packages/swarm_locate-0.0.0-py3.10.egg-info
[1.758s] running install_scripts
[1.963s] Installing ball_navigation script to /home/janhavi/TurtleBot3_Swarm/install/swarm_locate/lib/swarm_locate
[1.963s] Installing detect_ball script to /home/janhavi/TurtleBot3_Swarm/install/swarm_locate/lib/swarm_locate
[1.964s] Installing wall_follow script to /home/janhavi/TurtleBot3_Swarm/install/swarm_locate/lib/swarm_locate
[1.964s] writing list of installed files to '/home/janhavi/TurtleBot3_Swarm/build/swarm_locate/install.log'
[2.024s] Invoked command in '/home/janhavi/TurtleBot3_Swarm/src/swarm_locate' returned '0': PYTHONPATH=/home/janhavi/TurtleBot3_Swarm/build/swarm_locate/prefix_override:/usr/lib/python3/dist-packages/colcon_core/task/python/colcon_distutils_commands:/home/janhavi/TurtleBot3_Swarm/install/swarm_locate/lib/python3.10/site-packages:${PYTHONPATH} /usr/bin/python3 -W ignore:setup.py install is deprecated -W ignore:easy_install command is deprecated setup.py egg_info --egg-base ../../build/swarm_locate build --build-base /home/janhavi/TurtleBot3_Swarm/build/swarm_locate/build install --record /home/janhavi/TurtleBot3_Swarm/build/swarm_locate/install.log --single-version-externally-managed install_data
