[0.614s] Invoking command in '/home/janhavi/turtle_swarm/src/swarm_locate': PYTHONPATH=/home/janhavi/turtle_swarm/build/swarm_locate/prefix_override:/usr/lib/python3/dist-packages/colcon_core/task/python/colcon_distutils_commands:/home/janhavi/turtle_swarm/install/swarm_locate/lib/python3.10/site-packages:${PYTHONPATH} /usr/bin/python3 -W ignore:setup.py install is deprecated -W ignore:easy_install command is deprecated setup.py egg_info --egg-base ../../build/swarm_locate build --build-base /home/janhavi/turtle_swarm/build/swarm_locate/build install --record /home/janhavi/turtle_swarm/build/swarm_locate/install.log --single-version-externally-managed install_data
[0.713s] /home/janhavi/.local/lib/python3.10/site-packages/setuptools/_distutils/dist.py:261: UserWarning: Unknown distribution option: 'tests_require'
[0.713s]   warnings.warn(msg)
[0.766s] running egg_info
[0.775s] writing ../../build/swarm_locate/swarm_locate.egg-info/PKG-INFO
[0.786s] writing dependency_links to ../../build/swarm_locate/swarm_locate.egg-info/dependency_links.txt
[0.786s] deleting ../../build/swarm_locate/swarm_locate.egg-info/entry_points.txt
[0.786s] writing requirements to ../../build/swarm_locate/swarm_locate.egg-info/requires.txt
[0.786s] writing top-level names to ../../build/swarm_locate/swarm_locate.egg-info/top_level.txt
[0.804s] reading manifest file '../../build/swarm_locate/swarm_locate.egg-info/SOURCES.txt'
[0.805s] Traceback (most recent call last):
[0.805s]   File "/home/janhavi/turtle_swarm/src/swarm_locate/setup.py", line 5, in <module>
[0.805s]     setup(
[0.805s]   File "/home/janhavi/.local/lib/python3.10/site-packages/setuptools/__init__.py", line 117, in setup
[0.806s]     return distutils.core.setup(**attrs)
[0.806s]   File "/home/janhavi/.local/lib/python3.10/site-packages/setuptools/_distutils/core.py", line 183, in setup
[0.806s]     return run_commands(dist)
[0.806s]   File "/home/janhavi/.local/lib/python3.10/site-packages/setuptools/_distutils/core.py", line 199, in run_commands
[0.807s]     dist.run_commands()
[0.807s]   File "/home/janhavi/.local/lib/python3.10/site-packages/setuptools/_distutils/dist.py", line 954, in run_commands
[0.807s]     self.run_command(cmd)
[0.807s]   File "/home/janhavi/.local/lib/python3.10/site-packages/setuptools/dist.py", line 995, in run_command
[0.807s]     super().run_command(command)
[0.807s]   File "/home/janhavi/.local/lib/python3.10/site-packages/setuptools/_distutils/dist.py", line 973, in run_command
[0.807s]     cmd_obj.run()
[0.807s]   File "/home/janhavi/.local/lib/python3.10/site-packages/setuptools/command/egg_info.py", line 313, in run
[0.807s]     self.find_sources()
[0.807s]   File "/home/janhavi/.local/lib/python3.10/site-packages/setuptools/command/egg_info.py", line 321, in find_sources
[0.807s]     mm.run()
[0.808s]   File "/home/janhavi/.local/lib/python3.10/site-packages/setuptools/command/egg_info.py", line 549, in run
[0.808s]     self.prune_file_list()
[0.808s]   File "/home/janhavi/.local/lib/python3.10/site-packages/setuptools/command/sdist.py", line 162, in prune_file_list
[0.808s]     super().prune_file_list()
[0.808s]   File "/home/janhavi/.local/lib/python3.10/site-packages/setuptools/_distutils/command/sdist.py", line 380, in prune_file_list
[0.808s]     base_dir = self.distribution.get_fullname()
[0.808s]   File "/home/janhavi/.local/lib/python3.10/site-packages/setuptools/_core_metadata.py", line 267, in get_fullname
[0.808s]     return _distribution_fullname(self.get_name(), self.get_version())
[0.808s]   File "/home/janhavi/.local/lib/python3.10/site-packages/setuptools/_core_metadata.py", line 285, in _distribution_fullname
[0.808s]     canonicalize_version(version, strip_trailing_zero=False),
[0.808s] TypeError: canonicalize_version() got an unexpected keyword argument 'strip_trailing_zero'
[0.828s] Invoked command in '/home/janhavi/turtle_swarm/src/swarm_locate' returned '1': PYTHONPATH=/home/janhavi/turtle_swarm/build/swarm_locate/prefix_override:/usr/lib/python3/dist-packages/colcon_core/task/python/colcon_distutils_commands:/home/janhavi/turtle_swarm/install/swarm_locate/lib/python3.10/site-packages:${PYTHONPATH} /usr/bin/python3 -W ignore:setup.py install is deprecated -W ignore:easy_install command is deprecated setup.py egg_info --egg-base ../../build/swarm_locate build --build-base /home/janhavi/turtle_swarm/build/swarm_locate/build install --record /home/janhavi/turtle_swarm/build/swarm_locate/install.log --single-version-externally-managed install_data
