[0.612s] Invoking command in '/home/janhavi/turtle_swarm/src/swarm_locate': PYTHONPATH=/home/janhavi/turtle_swarm/build/swarm_locate/prefix_override:/usr/lib/python3/dist-packages/colcon_core/task/python/colcon_distutils_commands:/home/janhavi/turtle_swarm/install/swarm_locate/lib/python3.10/site-packages:${PYTHONPATH} /usr/bin/python3 -W ignore:setup.py install is deprecated -W ignore:easy_install command is deprecated setup.py egg_info --egg-base ../../build/swarm_locate build --build-base /home/janhavi/turtle_swarm/build/swarm_locate/build install --record /home/janhavi/turtle_swarm/build/swarm_locate/install.log --single-version-externally-managed install_data
[0.771s] running egg_info
[0.771s] writing ../../build/swarm_locate/swarm_locate.egg-info/PKG-INFO
[0.771s] writing dependency_links to ../../build/swarm_locate/swarm_locate.egg-info/dependency_links.txt
[0.771s] writing entry points to ../../build/swarm_locate/swarm_locate.egg-info/entry_points.txt
[0.771s] writing requirements to ../../build/swarm_locate/swarm_locate.egg-info/requires.txt
[0.771s] writing top-level names to ../../build/swarm_locate/swarm_locate.egg-info/top_level.txt
[0.772s] reading manifest file '../../build/swarm_locate/swarm_locate.egg-info/SOURCES.txt'
[0.773s] writing manifest file '../../build/swarm_locate/swarm_locate.egg-info/SOURCES.txt'
[0.773s] running build
[0.773s] running build_py
[0.773s] running install
[0.773s] running install_lib
[0.773s] running install_data
[0.773s] copying launch/spawn_turtles.launch.py -> /home/janhavi/turtle_swarm/install/swarm_locate/share/swarm_locate/launch
[0.774s] running install_egg_info
[0.775s] removing '/home/janhavi/turtle_swarm/install/swarm_locate/lib/python3.10/site-packages/swarm_locate-0.0.0-py3.10.egg-info' (and everything under it)
[0.775s] Copying ../../build/swarm_locate/swarm_locate.egg-info to /home/janhavi/turtle_swarm/install/swarm_locate/lib/python3.10/site-packages/swarm_locate-0.0.0-py3.10.egg-info
[0.775s] running install_scripts
[0.789s] writing list of installed files to '/home/janhavi/turtle_swarm/build/swarm_locate/install.log'
[0.811s] Invoked command in '/home/janhavi/turtle_swarm/src/swarm_locate' returned '0': PYTHONPATH=/home/janhavi/turtle_swarm/build/swarm_locate/prefix_override:/usr/lib/python3/dist-packages/colcon_core/task/python/colcon_distutils_commands:/home/janhavi/turtle_swarm/install/swarm_locate/lib/python3.10/site-packages:${PYTHONPATH} /usr/bin/python3 -W ignore:setup.py install is deprecated -W ignore:easy_install command is deprecated setup.py egg_info --egg-base ../../build/swarm_locate build --build-base /home/janhavi/turtle_swarm/build/swarm_locate/build install --record /home/janhavi/turtle_swarm/build/swarm_locate/install.log --single-version-externally-managed install_data
