running egg_info
writing ../../build/swarm_locate/swarm_locate.egg-info/PKG-INFO
writing dependency_links to ../../build/swarm_locate/swarm_locate.egg-info/dependency_links.txt
writing entry points to ../../build/swarm_locate/swarm_locate.egg-info/entry_points.txt
writing requirements to ../../build/swarm_locate/swarm_locate.egg-info/requires.txt
writing top-level names to ../../build/swarm_locate/swarm_locate.egg-info/top_level.txt
reading manifest file '../../build/swarm_locate/swarm_locate.egg-info/SOURCES.txt'
writing manifest file '../../build/swarm_locate/swarm_locate.egg-info/SOURCES.txt'
running build
running build_py
running install
running install_lib
running install_data
creating /home/janhavi/turtle_swarm/install/swarm_locate/share/swarm_locate/launch
copying launch/spawn_turtles.launch.py -> /home/janhavi/turtle_swarm/install/swarm_locate/share/swarm_locate/launch
running install_egg_info
removing '/home/janhavi/turtle_swarm/install/swarm_locate/lib/python3.10/site-packages/swarm_locate-0.0.0-py3.10.egg-info' (and everything under it)
Copying ../../build/swarm_locate/swarm_locate.egg-info to /home/janhavi/turtle_swarm/install/swarm_locate/lib/python3.10/site-packages/swarm_locate-0.0.0-py3.10.egg-info
running install_scripts
writing list of installed files to '/home/janhavi/turtle_swarm/build/swarm_locate/install.log'
