[0.809s] Invoking command in '/home/janhavi/turtle_swarm/src/swarm_locate': PYTHONPATH=/home/janhavi/turtle_swarm/build/swarm_locate/prefix_override:/usr/lib/python3/dist-packages/colcon_core/task/python/colcon_distutils_commands:/home/janhavi/turtle_swarm/install/swarm_locate/lib/python3.10/site-packages:${PYTHONPATH} /usr/bin/python3 -W ignore:setup.py install is deprecated -W ignore:easy_install command is deprecated setup.py egg_info --egg-base ../../build/swarm_locate build --build-base /home/janhavi/turtle_swarm/build/swarm_locate/build install --record /home/janhavi/turtle_swarm/build/swarm_locate/install.log --single-version-externally-managed install_data
[1.114s] running egg_info
[1.115s] writing ../../build/swarm_locate/swarm_locate.egg-info/PKG-INFO
[1.115s] writing dependency_links to ../../build/swarm_locate/swarm_locate.egg-info/dependency_links.txt
[1.115s] writing entry points to ../../build/swarm_locate/swarm_locate.egg-info/entry_points.txt
[1.115s] writing requirements to ../../build/swarm_locate/swarm_locate.egg-info/requires.txt
[1.115s] writing top-level names to ../../build/swarm_locate/swarm_locate.egg-info/top_level.txt
[1.118s] reading manifest file '../../build/swarm_locate/swarm_locate.egg-info/SOURCES.txt'
[1.119s] writing manifest file '../../build/swarm_locate/swarm_locate.egg-info/SOURCES.txt'
[1.119s] running build
[1.120s] running build_py
[1.120s] running install
[1.120s] running install_lib
[1.121s] running install_data
[1.121s] creating /home/janhavi/turtle_swarm/install/swarm_locate/share/swarm_locate/launch
[1.122s] copying launch/spawn_turtles.launch.py -> /home/janhavi/turtle_swarm/install/swarm_locate/share/swarm_locate/launch
[1.122s] running install_egg_info
[1.125s] removing '/home/janhavi/turtle_swarm/install/swarm_locate/lib/python3.10/site-packages/swarm_locate-0.0.0-py3.10.egg-info' (and everything under it)
[1.125s] Copying ../../build/swarm_locate/swarm_locate.egg-info to /home/janhavi/turtle_swarm/install/swarm_locate/lib/python3.10/site-packages/swarm_locate-0.0.0-py3.10.egg-info
[1.126s] running install_scripts
[1.163s] writing list of installed files to '/home/janhavi/turtle_swarm/build/swarm_locate/install.log'
[1.194s] Invoked command in '/home/janhavi/turtle_swarm/src/swarm_locate' returned '0': PYTHONPATH=/home/janhavi/turtle_swarm/build/swarm_locate/prefix_override:/usr/lib/python3/dist-packages/colcon_core/task/python/colcon_distutils_commands:/home/janhavi/turtle_swarm/install/swarm_locate/lib/python3.10/site-packages:${PYTHONPATH} /usr/bin/python3 -W ignore:setup.py install is deprecated -W ignore:easy_install command is deprecated setup.py egg_info --egg-base ../../build/swarm_locate build --build-base /home/janhavi/turtle_swarm/build/swarm_locate/build install --record /home/janhavi/turtle_swarm/build/swarm_locate/install.log --single-version-externally-managed install_data
