[0.133s] DEBUG:colcon:Command line arguments: ['/usr/bin/colcon', 'build']
[0.133s] DEBUG:colcon:Parsed command line arguments: Namespace(log_base=None, log_level=None, verb_name='build', build_base='build', install_base='install', merge_install=False, symlink_install=False, test_result_base=None, continue_on_error=False, executor='parallel', parallel_workers=12, event_handlers=None, ignore_user_meta=False, metas=['./colcon.meta'], base_paths=['.'], packages_ignore=None, packages_ignore_regex=None, paths=None, packages_up_to=None, packages_up_to_regex=None, packages_above=None, packages_above_and_dependencies=None, packages_above_depth=None, packages_select_by_dep=None, packages_skip_by_dep=None, packages_skip_up_to=None, packages_select_build_failed=False, packages_skip_build_finished=False, packages_select_test_failures=False, packages_skip_test_passed=False, packages_select=None, packages_skip=None, packages_select_regex=None, packages_skip_regex=None, packages_start=None, packages_end=None, allow_overriding=[], cmake_args=None, cmake_target=None, cmake_target_skip_unavailable=False, cmake_clean_cache=False, cmake_clean_first=False, cmake_force_configure=False, ament_cmake_args=None, catkin_cmake_args=None, catkin_skip_building_tests=False, mixin_files=None, mixin=None, verb_parser=<colcon_mixin.mixin.mixin_argument.MixinArgumentDecorator object at 0x7aa8a6574790>, verb_extension=<colcon_core.verb.build.BuildVerb object at 0x7aa8a6574190>, main=<bound method BuildVerb.main of <colcon_core.verb.build.BuildVerb object at 0x7aa8a6574190>>, mixin_verb=('build',))
[0.178s] Level 1:colcon.colcon_core.package_discovery:discover_packages(colcon_meta) check parameters
[0.178s] Level 1:colcon.colcon_core.package_discovery:discover_packages(recursive) check parameters
[0.178s] Level 1:colcon.colcon_core.package_discovery:discover_packages(ignore) check parameters
[0.178s] Level 1:colcon.colcon_core.package_discovery:discover_packages(path) check parameters
[0.178s] Level 1:colcon.colcon_core.package_discovery:discover_packages(colcon_meta) discover
[0.179s] Level 1:colcon.colcon_core.package_discovery:discover_packages(recursive) discover
[0.179s] INFO:colcon.colcon_core.package_discovery:Crawling recursively for packages in '/home/janhavi/TurtleBot3_Swarm'
[0.179s] Level 1:colcon.colcon_core.package_identification:_identify(.) by extensions ['ignore', 'ignore_ament_install']
[0.179s] Level 1:colcon.colcon_core.package_identification:_identify(.) by extension 'ignore'
[0.179s] Level 1:colcon.colcon_core.package_identification:_identify(.) by extension 'ignore_ament_install'
[0.179s] Level 1:colcon.colcon_core.package_identification:_identify(.) by extensions ['colcon_pkg']
[0.179s] Level 1:colcon.colcon_core.package_identification:_identify(.) by extension 'colcon_pkg'
[0.179s] Level 1:colcon.colcon_core.package_identification:_identify(.) by extensions ['colcon_meta']
[0.179s] Level 1:colcon.colcon_core.package_identification:_identify(.) by extension 'colcon_meta'
[0.179s] Level 1:colcon.colcon_core.package_identification:_identify(.) by extensions ['ros']
[0.179s] Level 1:colcon.colcon_core.package_identification:_identify(.) by extension 'ros'
[0.198s] Level 1:colcon.colcon_core.package_identification:_identify(.) by extensions ['cmake', 'python']
[0.198s] Level 1:colcon.colcon_core.package_identification:_identify(.) by extension 'cmake'
[0.198s] Level 1:colcon.colcon_core.package_identification:_identify(.) by extension 'python'
[0.198s] Level 1:colcon.colcon_core.package_identification:_identify(.) by extensions ['python_setup_py']
[0.198s] Level 1:colcon.colcon_core.package_identification:_identify(.) by extension 'python_setup_py'
[0.198s] Level 1:colcon.colcon_core.package_identification:_identify(build) by extensions ['ignore', 'ignore_ament_install']
[0.198s] Level 1:colcon.colcon_core.package_identification:_identify(build) by extension 'ignore'
[0.198s] Level 1:colcon.colcon_core.package_identification:_identify(build) ignored
[0.199s] Level 1:colcon.colcon_core.package_identification:_identify(install) by extensions ['ignore', 'ignore_ament_install']
[0.199s] Level 1:colcon.colcon_core.package_identification:_identify(install) by extension 'ignore'
[0.199s] Level 1:colcon.colcon_core.package_identification:_identify(install) ignored
[0.199s] Level 1:colcon.colcon_core.package_identification:_identify(log) by extensions ['ignore', 'ignore_ament_install']
[0.199s] Level 1:colcon.colcon_core.package_identification:_identify(log) by extension 'ignore'
[0.199s] Level 1:colcon.colcon_core.package_identification:_identify(log) ignored
[0.199s] Level 1:colcon.colcon_core.package_identification:_identify(src) by extensions ['ignore', 'ignore_ament_install']
[0.199s] Level 1:colcon.colcon_core.package_identification:_identify(src) by extension 'ignore'
[0.199s] Level 1:colcon.colcon_core.package_identification:_identify(src) by extension 'ignore_ament_install'
[0.199s] Level 1:colcon.colcon_core.package_identification:_identify(src) by extensions ['colcon_pkg']
[0.199s] Level 1:colcon.colcon_core.package_identification:_identify(src) by extension 'colcon_pkg'
[0.199s] Level 1:colcon.colcon_core.package_identification:_identify(src) by extensions ['colcon_meta']
[0.200s] Level 1:colcon.colcon_core.package_identification:_identify(src) by extension 'colcon_meta'
[0.200s] Level 1:colcon.colcon_core.package_identification:_identify(src) by extensions ['ros']
[0.200s] Level 1:colcon.colcon_core.package_identification:_identify(src) by extension 'ros'
[0.200s] Level 1:colcon.colcon_core.package_identification:_identify(src) by extensions ['cmake', 'python']
[0.200s] Level 1:colcon.colcon_core.package_identification:_identify(src) by extension 'cmake'
[0.200s] Level 1:colcon.colcon_core.package_identification:_identify(src) by extension 'python'
[0.200s] Level 1:colcon.colcon_core.package_identification:_identify(src) by extensions ['python_setup_py']
[0.200s] Level 1:colcon.colcon_core.package_identification:_identify(src) by extension 'python_setup_py'
[0.200s] Level 1:colcon.colcon_core.package_identification:_identify(src/my_gazebo) by extensions ['ignore', 'ignore_ament_install']
[0.200s] Level 1:colcon.colcon_core.package_identification:_identify(src/my_gazebo) by extension 'ignore'
[0.200s] Level 1:colcon.colcon_core.package_identification:_identify(src/my_gazebo) by extension 'ignore_ament_install'
[0.200s] Level 1:colcon.colcon_core.package_identification:_identify(src/my_gazebo) by extensions ['colcon_pkg']
[0.200s] Level 1:colcon.colcon_core.package_identification:_identify(src/my_gazebo) by extension 'colcon_pkg'
[0.200s] Level 1:colcon.colcon_core.package_identification:_identify(src/my_gazebo) by extensions ['colcon_meta']
[0.200s] Level 1:colcon.colcon_core.package_identification:_identify(src/my_gazebo) by extension 'colcon_meta'
[0.200s] Level 1:colcon.colcon_core.package_identification:_identify(src/my_gazebo) by extensions ['ros']
[0.200s] Level 1:colcon.colcon_core.package_identification:_identify(src/my_gazebo) by extension 'ros'
[0.204s] DEBUG:colcon.colcon_core.package_identification:Package 'src/my_gazebo' with type 'ros.ament_python' and name 'my_gazebo'
[0.204s] Level 1:colcon.colcon_core.package_identification:_identify(src/swarm_locate) by extensions ['ignore', 'ignore_ament_install']
[0.204s] Level 1:colcon.colcon_core.package_identification:_identify(src/swarm_locate) by extension 'ignore'
[0.204s] Level 1:colcon.colcon_core.package_identification:_identify(src/swarm_locate) by extension 'ignore_ament_install'
[0.204s] Level 1:colcon.colcon_core.package_identification:_identify(src/swarm_locate) by extensions ['colcon_pkg']
[0.204s] Level 1:colcon.colcon_core.package_identification:_identify(src/swarm_locate) by extension 'colcon_pkg'
[0.204s] Level 1:colcon.colcon_core.package_identification:_identify(src/swarm_locate) by extensions ['colcon_meta']
[0.204s] Level 1:colcon.colcon_core.package_identification:_identify(src/swarm_locate) by extension 'colcon_meta'
[0.204s] Level 1:colcon.colcon_core.package_identification:_identify(src/swarm_locate) by extensions ['ros']
[0.204s] Level 1:colcon.colcon_core.package_identification:_identify(src/swarm_locate) by extension 'ros'
[0.205s] DEBUG:colcon.colcon_core.package_identification:Package 'src/swarm_locate' with type 'ros.ament_python' and name 'swarm_locate'
[0.205s] Level 1:colcon.colcon_core.package_discovery:discover_packages(recursive) using defaults
[0.205s] Level 1:colcon.colcon_core.package_discovery:discover_packages(ignore) discover
[0.205s] Level 1:colcon.colcon_core.package_discovery:discover_packages(ignore) using defaults
[0.205s] Level 1:colcon.colcon_core.package_discovery:discover_packages(path) discover
[0.205s] Level 1:colcon.colcon_core.package_discovery:discover_packages(path) using defaults
[0.232s] Level 1:colcon.colcon_core.package_discovery:discover_packages(prefix_path) check parameters
[0.232s] Level 1:colcon.colcon_core.package_discovery:discover_packages(prefix_path) discover
[0.234s] DEBUG:colcon.colcon_installed_package_information.package_discovery:Found 2 installed packages in /home/janhavi/TurtleBot3_Swarm/install
[0.236s] DEBUG:colcon.colcon_installed_package_information.package_discovery:Found 382 installed packages in /opt/ros/humble
[0.238s] Level 1:colcon.colcon_core.package_discovery:discover_packages(prefix_path) using defaults
[0.288s] Level 5:colcon.colcon_core.verb:set package 'my_gazebo' build argument 'cmake_args' from command line to 'None'
[0.288s] Level 5:colcon.colcon_core.verb:set package 'my_gazebo' build argument 'cmake_target' from command line to 'None'
[0.288s] Level 5:colcon.colcon_core.verb:set package 'my_gazebo' build argument 'cmake_target_skip_unavailable' from command line to 'False'
[0.288s] Level 5:colcon.colcon_core.verb:set package 'my_gazebo' build argument 'cmake_clean_cache' from command line to 'False'
[0.288s] Level 5:colcon.colcon_core.verb:set package 'my_gazebo' build argument 'cmake_clean_first' from command line to 'False'
[0.288s] Level 5:colcon.colcon_core.verb:set package 'my_gazebo' build argument 'cmake_force_configure' from command line to 'False'
[0.288s] Level 5:colcon.colcon_core.verb:set package 'my_gazebo' build argument 'ament_cmake_args' from command line to 'None'
[0.288s] Level 5:colcon.colcon_core.verb:set package 'my_gazebo' build argument 'catkin_cmake_args' from command line to 'None'
[0.288s] Level 5:colcon.colcon_core.verb:set package 'my_gazebo' build argument 'catkin_skip_building_tests' from command line to 'False'
[0.288s] DEBUG:colcon.colcon_core.verb:Building package 'my_gazebo' with the following arguments: {'ament_cmake_args': None, 'build_base': '/home/janhavi/TurtleBot3_Swarm/build/my_gazebo', 'catkin_cmake_args': None, 'catkin_skip_building_tests': False, 'cmake_args': None, 'cmake_clean_cache': False, 'cmake_clean_first': False, 'cmake_force_configure': False, 'cmake_target': None, 'cmake_target_skip_unavailable': False, 'install_base': '/home/janhavi/TurtleBot3_Swarm/install/my_gazebo', 'merge_install': False, 'path': '/home/janhavi/TurtleBot3_Swarm/src/my_gazebo', 'symlink_install': False, 'test_result_base': None}
[0.289s] Level 5:colcon.colcon_core.verb:set package 'swarm_locate' build argument 'cmake_args' from command line to 'None'
[0.289s] Level 5:colcon.colcon_core.verb:set package 'swarm_locate' build argument 'cmake_target' from command line to 'None'
[0.289s] Level 5:colcon.colcon_core.verb:set package 'swarm_locate' build argument 'cmake_target_skip_unavailable' from command line to 'False'
[0.289s] Level 5:colcon.colcon_core.verb:set package 'swarm_locate' build argument 'cmake_clean_cache' from command line to 'False'
[0.289s] Level 5:colcon.colcon_core.verb:set package 'swarm_locate' build argument 'cmake_clean_first' from command line to 'False'
[0.289s] Level 5:colcon.colcon_core.verb:set package 'swarm_locate' build argument 'cmake_force_configure' from command line to 'False'
[0.289s] Level 5:colcon.colcon_core.verb:set package 'swarm_locate' build argument 'ament_cmake_args' from command line to 'None'
[0.289s] Level 5:colcon.colcon_core.verb:set package 'swarm_locate' build argument 'catkin_cmake_args' from command line to 'None'
[0.289s] Level 5:colcon.colcon_core.verb:set package 'swarm_locate' build argument 'catkin_skip_building_tests' from command line to 'False'
[0.289s] DEBUG:colcon.colcon_core.verb:Building package 'swarm_locate' with the following arguments: {'ament_cmake_args': None, 'build_base': '/home/janhavi/TurtleBot3_Swarm/build/swarm_locate', 'catkin_cmake_args': None, 'catkin_skip_building_tests': False, 'cmake_args': None, 'cmake_clean_cache': False, 'cmake_clean_first': False, 'cmake_force_configure': False, 'cmake_target': None, 'cmake_target_skip_unavailable': False, 'install_base': '/home/janhavi/TurtleBot3_Swarm/install/swarm_locate', 'merge_install': False, 'path': '/home/janhavi/TurtleBot3_Swarm/src/swarm_locate', 'symlink_install': False, 'test_result_base': None}
[0.289s] INFO:colcon.colcon_core.executor:Executing jobs using 'parallel' executor
[0.291s] DEBUG:colcon.colcon_parallel_executor.executor.parallel:run_until_complete
[0.291s] INFO:colcon.colcon_ros.task.ament_python.build:Building ROS package in '/home/janhavi/TurtleBot3_Swarm/src/my_gazebo' with build type 'ament_python'
[0.291s] Level 1:colcon.colcon_core.shell:create_environment_hook('my_gazebo', 'ament_prefix_path')
[0.294s] INFO:colcon.colcon_core.plugin_system:Skipping extension 'colcon_core.shell.bat': Not used on non-Windows systems
[0.295s] INFO:colcon.colcon_core.shell:Creating environment hook '/home/janhavi/TurtleBot3_Swarm/install/my_gazebo/share/my_gazebo/hook/ament_prefix_path.ps1'
[0.295s] INFO:colcon.colcon_core.shell:Creating environment descriptor '/home/janhavi/TurtleBot3_Swarm/install/my_gazebo/share/my_gazebo/hook/ament_prefix_path.dsv'
[0.296s] INFO:colcon.colcon_core.shell:Creating environment hook '/home/janhavi/TurtleBot3_Swarm/install/my_gazebo/share/my_gazebo/hook/ament_prefix_path.sh'
[0.297s] INFO:colcon.colcon_core.shell:Skip shell extension 'powershell' for command environment: Not usable outside of PowerShell
[0.297s] DEBUG:colcon.colcon_core.shell:Skip shell extension 'dsv' for command environment
[0.302s] INFO:colcon.colcon_ros.task.ament_python.build:Building ROS package in '/home/janhavi/TurtleBot3_Swarm/src/swarm_locate' with build type 'ament_python'
[0.302s] Level 1:colcon.colcon_core.shell:create_environment_hook('swarm_locate', 'ament_prefix_path')
[0.303s] INFO:colcon.colcon_core.shell:Creating environment hook '/home/janhavi/TurtleBot3_Swarm/install/swarm_locate/share/swarm_locate/hook/ament_prefix_path.ps1'
[0.304s] INFO:colcon.colcon_core.shell:Creating environment descriptor '/home/janhavi/TurtleBot3_Swarm/install/swarm_locate/share/swarm_locate/hook/ament_prefix_path.dsv'
[0.304s] INFO:colcon.colcon_core.shell:Creating environment hook '/home/janhavi/TurtleBot3_Swarm/install/swarm_locate/share/swarm_locate/hook/ament_prefix_path.sh'
[0.305s] INFO:colcon.colcon_core.shell:Skip shell extension 'powershell' for command environment: Not usable outside of PowerShell
[0.305s] DEBUG:colcon.colcon_core.shell:Skip shell extension 'dsv' for command environment
[0.596s] INFO:colcon.colcon_core.task.python.build:Building Python package in '/home/janhavi/TurtleBot3_Swarm/src/my_gazebo'
[0.596s] INFO:colcon.colcon_core.shell:Skip shell extension 'powershell' for command environment: Not usable outside of PowerShell
[0.596s] DEBUG:colcon.colcon_core.shell:Skip shell extension 'dsv' for command environment
[0.906s] INFO:colcon.colcon_core.task.python.build:Building Python package in '/home/janhavi/TurtleBot3_Swarm/src/swarm_locate'
[0.907s] INFO:colcon.colcon_core.shell:Skip shell extension 'powershell' for command environment: Not usable outside of PowerShell
[0.907s] DEBUG:colcon.colcon_core.shell:Skip shell extension 'dsv' for command environment
[1.715s] DEBUG:colcon.colcon_core.event_handler.log_command:Invoking command in '/home/janhavi/TurtleBot3_Swarm/src/swarm_locate': PYTHONPATH=/home/janhavi/TurtleBot3_Swarm/build/swarm_locate/prefix_override:/usr/lib/python3/dist-packages/colcon_core/task/python/colcon_distutils_commands:/home/janhavi/TurtleBot3_Swarm/install/swarm_locate/lib/python3.10/site-packages:${PYTHONPATH} /usr/bin/python3 -W ignore:setup.py install is deprecated -W ignore:easy_install command is deprecated setup.py egg_info --egg-base ../../build/swarm_locate build --build-base /home/janhavi/TurtleBot3_Swarm/build/swarm_locate/build install --record /home/janhavi/TurtleBot3_Swarm/build/swarm_locate/install.log --single-version-externally-managed install_data
[1.719s] DEBUG:colcon.colcon_core.event_handler.log_command:Invoking command in '/home/janhavi/TurtleBot3_Swarm/src/my_gazebo': PYTHONPATH=/home/janhavi/TurtleBot3_Swarm/build/my_gazebo/prefix_override:/usr/lib/python3/dist-packages/colcon_core/task/python/colcon_distutils_commands:/home/janhavi/TurtleBot3_Swarm/install/my_gazebo/lib/python3.10/site-packages:${PYTHONPATH} /usr/bin/python3 -W ignore:setup.py install is deprecated -W ignore:easy_install command is deprecated setup.py egg_info --egg-base ../../build/my_gazebo build --build-base /home/janhavi/TurtleBot3_Swarm/build/my_gazebo/build install --record /home/janhavi/TurtleBot3_Swarm/build/my_gazebo/install.log --single-version-externally-managed install_data
[2.512s] DEBUG:colcon.colcon_core.event_handler.log_command:Invoked command in '/home/janhavi/TurtleBot3_Swarm/src/my_gazebo' returned '0': PYTHONPATH=/home/janhavi/TurtleBot3_Swarm/build/my_gazebo/prefix_override:/usr/lib/python3/dist-packages/colcon_core/task/python/colcon_distutils_commands:/home/janhavi/TurtleBot3_Swarm/install/my_gazebo/lib/python3.10/site-packages:${PYTHONPATH} /usr/bin/python3 -W ignore:setup.py install is deprecated -W ignore:easy_install command is deprecated setup.py egg_info --egg-base ../../build/my_gazebo build --build-base /home/janhavi/TurtleBot3_Swarm/build/my_gazebo/build install --record /home/janhavi/TurtleBot3_Swarm/build/my_gazebo/install.log --single-version-externally-managed install_data
[2.518s] Level 1:colcon.colcon_core.environment:checking '/home/janhavi/TurtleBot3_Swarm/install/my_gazebo' for CMake module files
[2.519s] Level 1:colcon.colcon_core.environment:checking '/home/janhavi/TurtleBot3_Swarm/install/my_gazebo' for CMake config files
[2.521s] Level 1:colcon.colcon_core.environment:checking '/home/janhavi/TurtleBot3_Swarm/install/my_gazebo/lib'
[2.521s] Level 1:colcon.colcon_core.environment:checking '/home/janhavi/TurtleBot3_Swarm/install/my_gazebo/bin'
[2.521s] Level 1:colcon.colcon_core.environment:checking '/home/janhavi/TurtleBot3_Swarm/install/my_gazebo/lib/pkgconfig/my_gazebo.pc'
[2.522s] Level 1:colcon.colcon_core.environment:checking '/home/janhavi/TurtleBot3_Swarm/install/my_gazebo/lib/python3.10/site-packages'
[2.522s] Level 1:colcon.colcon_core.shell:create_environment_hook('my_gazebo', 'pythonpath')
[2.522s] INFO:colcon.colcon_core.shell:Creating environment hook '/home/janhavi/TurtleBot3_Swarm/install/my_gazebo/share/my_gazebo/hook/pythonpath.ps1'
[2.523s] INFO:colcon.colcon_core.shell:Creating environment descriptor '/home/janhavi/TurtleBot3_Swarm/install/my_gazebo/share/my_gazebo/hook/pythonpath.dsv'
[2.524s] INFO:colcon.colcon_core.shell:Creating environment hook '/home/janhavi/TurtleBot3_Swarm/install/my_gazebo/share/my_gazebo/hook/pythonpath.sh'
[2.525s] Level 1:colcon.colcon_core.environment:checking '/home/janhavi/TurtleBot3_Swarm/install/my_gazebo/bin'
[2.525s] Level 1:colcon.colcon_core.environment:create_environment_scripts_only(my_gazebo)
[2.526s] INFO:colcon.colcon_core.shell:Creating package script '/home/janhavi/TurtleBot3_Swarm/install/my_gazebo/share/my_gazebo/package.ps1'
[2.528s] INFO:colcon.colcon_core.shell:Creating package descriptor '/home/janhavi/TurtleBot3_Swarm/install/my_gazebo/share/my_gazebo/package.dsv'
[2.530s] INFO:colcon.colcon_core.shell:Creating package script '/home/janhavi/TurtleBot3_Swarm/install/my_gazebo/share/my_gazebo/package.sh'
[2.532s] INFO:colcon.colcon_core.shell:Creating package script '/home/janhavi/TurtleBot3_Swarm/install/my_gazebo/share/my_gazebo/package.bash'
[2.534s] INFO:colcon.colcon_core.shell:Creating package script '/home/janhavi/TurtleBot3_Swarm/install/my_gazebo/share/my_gazebo/package.zsh'
[2.536s] Level 1:colcon.colcon_core.environment:create_file_with_runtime_dependencies(/home/janhavi/TurtleBot3_Swarm/install/my_gazebo/share/colcon-core/packages/my_gazebo)
[2.538s] Level 1:colcon.colcon_core.environment:checking '/home/janhavi/TurtleBot3_Swarm/install/swarm_locate' for CMake module files
[2.540s] Level 1:colcon.colcon_core.environment:checking '/home/janhavi/TurtleBot3_Swarm/install/swarm_locate' for CMake config files
[2.541s] DEBUG:colcon.colcon_core.event_handler.log_command:Invoked command in '/home/janhavi/TurtleBot3_Swarm/src/swarm_locate' returned '0': PYTHONPATH=/home/janhavi/TurtleBot3_Swarm/build/swarm_locate/prefix_override:/usr/lib/python3/dist-packages/colcon_core/task/python/colcon_distutils_commands:/home/janhavi/TurtleBot3_Swarm/install/swarm_locate/lib/python3.10/site-packages:${PYTHONPATH} /usr/bin/python3 -W ignore:setup.py install is deprecated -W ignore:easy_install command is deprecated setup.py egg_info --egg-base ../../build/swarm_locate build --build-base /home/janhavi/TurtleBot3_Swarm/build/swarm_locate/build install --record /home/janhavi/TurtleBot3_Swarm/build/swarm_locate/install.log --single-version-externally-managed install_data
[2.542s] Level 1:colcon.colcon_core.environment:checking '/home/janhavi/TurtleBot3_Swarm/install/swarm_locate/lib'
[2.543s] Level 1:colcon.colcon_core.environment:checking '/home/janhavi/TurtleBot3_Swarm/install/swarm_locate/bin'
[2.543s] Level 1:colcon.colcon_core.environment:checking '/home/janhavi/TurtleBot3_Swarm/install/swarm_locate/lib/pkgconfig/swarm_locate.pc'
[2.543s] Level 1:colcon.colcon_core.environment:checking '/home/janhavi/TurtleBot3_Swarm/install/swarm_locate/lib/python3.10/site-packages'
[2.543s] Level 1:colcon.colcon_core.shell:create_environment_hook('swarm_locate', 'pythonpath')
[2.544s] INFO:colcon.colcon_core.shell:Creating environment hook '/home/janhavi/TurtleBot3_Swarm/install/swarm_locate/share/swarm_locate/hook/pythonpath.ps1'
[2.545s] INFO:colcon.colcon_core.shell:Creating environment descriptor '/home/janhavi/TurtleBot3_Swarm/install/swarm_locate/share/swarm_locate/hook/pythonpath.dsv'
[2.545s] INFO:colcon.colcon_core.shell:Creating environment hook '/home/janhavi/TurtleBot3_Swarm/install/swarm_locate/share/swarm_locate/hook/pythonpath.sh'
[2.547s] Level 1:colcon.colcon_core.environment:checking '/home/janhavi/TurtleBot3_Swarm/install/swarm_locate/bin'
[2.547s] Level 1:colcon.colcon_core.environment:create_environment_scripts_only(swarm_locate)
[2.547s] INFO:colcon.colcon_core.shell:Creating package script '/home/janhavi/TurtleBot3_Swarm/install/swarm_locate/share/swarm_locate/package.ps1'
[2.548s] INFO:colcon.colcon_core.shell:Creating package descriptor '/home/janhavi/TurtleBot3_Swarm/install/swarm_locate/share/swarm_locate/package.dsv'
[2.549s] INFO:colcon.colcon_core.shell:Creating package script '/home/janhavi/TurtleBot3_Swarm/install/swarm_locate/share/swarm_locate/package.sh'
[2.550s] INFO:colcon.colcon_core.shell:Creating package script '/home/janhavi/TurtleBot3_Swarm/install/swarm_locate/share/swarm_locate/package.bash'
[2.551s] INFO:colcon.colcon_core.shell:Creating package script '/home/janhavi/TurtleBot3_Swarm/install/swarm_locate/share/swarm_locate/package.zsh'
[2.551s] Level 1:colcon.colcon_core.environment:create_file_with_runtime_dependencies(/home/janhavi/TurtleBot3_Swarm/install/swarm_locate/share/colcon-core/packages/swarm_locate)
[2.551s] DEBUG:colcon.colcon_parallel_executor.executor.parallel:closing loop
[2.552s] DEBUG:colcon.colcon_parallel_executor.executor.parallel:loop closed
[2.552s] DEBUG:colcon.colcon_parallel_executor.executor.parallel:run_until_complete finished with '0'
[2.552s] DEBUG:colcon.colcon_core.event_reactor:joining thread
[2.561s] INFO:colcon.colcon_core.plugin_system:Skipping extension 'colcon_notification.desktop_notification.terminal_notifier': Not used on non-Darwin systems
[2.561s] INFO:colcon.colcon_core.plugin_system:Skipping extension 'colcon_notification.desktop_notification.win32': Not used on non-Windows systems
[2.561s] INFO:colcon.colcon_notification.desktop_notification:Sending desktop notification using 'notify2'
[2.589s] DEBUG:colcon.colcon_core.event_reactor:joined thread
[2.590s] INFO:colcon.colcon_core.shell:Creating prefix script '/home/janhavi/TurtleBot3_Swarm/install/local_setup.ps1'
[2.592s] INFO:colcon.colcon_core.shell:Creating prefix util module '/home/janhavi/TurtleBot3_Swarm/install/_local_setup_util_ps1.py'
[2.594s] INFO:colcon.colcon_core.shell:Creating prefix chain script '/home/janhavi/TurtleBot3_Swarm/install/setup.ps1'
[2.597s] INFO:colcon.colcon_core.shell:Creating prefix script '/home/janhavi/TurtleBot3_Swarm/install/local_setup.sh'
[2.599s] INFO:colcon.colcon_core.shell:Creating prefix util module '/home/janhavi/TurtleBot3_Swarm/install/_local_setup_util_sh.py'
[2.600s] INFO:colcon.colcon_core.shell:Creating prefix chain script '/home/janhavi/TurtleBot3_Swarm/install/setup.sh'
[2.602s] INFO:colcon.colcon_core.shell:Creating prefix script '/home/janhavi/TurtleBot3_Swarm/install/local_setup.bash'
[2.603s] INFO:colcon.colcon_core.shell:Creating prefix chain script '/home/janhavi/TurtleBot3_Swarm/install/setup.bash'
[2.604s] INFO:colcon.colcon_core.shell:Creating prefix script '/home/janhavi/TurtleBot3_Swarm/install/local_setup.zsh'
[2.605s] INFO:colcon.colcon_core.shell:Creating prefix chain script '/home/janhavi/TurtleBot3_Swarm/install/setup.zsh'
