[0.617s] Invoking command in '/home/janhavi/turtle_swarm/src/my_gazebo': PYTHONPATH=/home/janhavi/turtle_swarm/build/my_gazebo/prefix_override:/usr/lib/python3/dist-packages/colcon_core/task/python/colcon_distutils_commands:/home/janhavi/turtle_swarm/install/my_gazebo/lib/python3.10/site-packages:${PYTHONPATH} /usr/bin/python3 -W ignore:setup.py install is deprecated -W ignore:easy_install command is deprecated setup.py egg_info --egg-base ../../build/my_gazebo build --build-base /home/janhavi/turtle_swarm/build/my_gazebo/build install --record /home/janhavi/turtle_swarm/build/my_gazebo/install.log --single-version-externally-managed install_data
[0.726s] /home/janhavi/.local/lib/python3.10/site-packages/setuptools/_distutils/dist.py:261: UserWarning: Unknown distribution option: 'tests_require'
[0.726s]   warnings.warn(msg)
[0.780s] running egg_info
[0.789s] writing ../../build/my_gazebo/my_gazebo.egg-info/PKG-INFO
[0.793s] writing dependency_links to ../../build/my_gazebo/my_gazebo.egg-info/dependency_links.txt
[0.793s] deleting ../../build/my_gazebo/my_gazebo.egg-info/entry_points.txt
[0.793s] writing requirements to ../../build/my_gazebo/my_gazebo.egg-info/requires.txt
[0.793s] writing top-level names to ../../build/my_gazebo/my_gazebo.egg-info/top_level.txt
[0.811s] reading manifest file '../../build/my_gazebo/my_gazebo.egg-info/SOURCES.txt'
[0.812s] Traceback (most recent call last):
[0.812s]   File "/home/janhavi/turtle_swarm/src/my_gazebo/setup.py", line 5, in <module>
[0.812s]     setup(
[0.812s]   File "/home/janhavi/.local/lib/python3.10/site-packages/setuptools/__init__.py", line 117, in setup
[0.812s]     return distutils.core.setup(**attrs)
[0.812s]   File "/home/janhavi/.local/lib/python3.10/site-packages/setuptools/_distutils/core.py", line 183, in setup
[0.812s]     return run_commands(dist)
[0.813s]   File "/home/janhavi/.local/lib/python3.10/site-packages/setuptools/_distutils/core.py", line 199, in run_commands
[0.813s]     dist.run_commands()
[0.813s]   File "/home/janhavi/.local/lib/python3.10/site-packages/setuptools/_distutils/dist.py", line 954, in run_commands
[0.813s]     self.run_command(cmd)
[0.813s]   File "/home/janhavi/.local/lib/python3.10/site-packages/setuptools/dist.py", line 995, in run_command
[0.813s]     super().run_command(command)
[0.813s]   File "/home/janhavi/.local/lib/python3.10/site-packages/setuptools/_distutils/dist.py", line 973, in run_command
[0.813s]     cmd_obj.run()
[0.813s]   File "/home/janhavi/.local/lib/python3.10/site-packages/setuptools/command/egg_info.py", line 313, in run
[0.813s]     self.find_sources()
[0.813s]   File "/home/janhavi/.local/lib/python3.10/site-packages/setuptools/command/egg_info.py", line 321, in find_sources
[0.813s]     mm.run()
[0.813s]   File "/home/janhavi/.local/lib/python3.10/site-packages/setuptools/command/egg_info.py", line 549, in run
[0.813s]     self.prune_file_list()
[0.813s]   File "/home/janhavi/.local/lib/python3.10/site-packages/setuptools/command/sdist.py", line 162, in prune_file_list
[0.813s]     super().prune_file_list()
[0.813s]   File "/home/janhavi/.local/lib/python3.10/site-packages/setuptools/_distutils/command/sdist.py", line 380, in prune_file_list
[0.814s]     base_dir = self.distribution.get_fullname()
[0.814s]   File "/home/janhavi/.local/lib/python3.10/site-packages/setuptools/_core_metadata.py", line 267, in get_fullname
[0.814s]     return _distribution_fullname(self.get_name(), self.get_version())
[0.814s]   File "/home/janhavi/.local/lib/python3.10/site-packages/setuptools/_core_metadata.py", line 285, in _distribution_fullname
[0.814s]     canonicalize_version(version, strip_trailing_zero=False),
[0.814s] TypeError: canonicalize_version() got an unexpected keyword argument 'strip_trailing_zero'
