[1.178s] Invoking command in '/home/janhavi/TurtleBot3_Swarm/src/my_gazebo': PYTHONPATH=/home/janhavi/TurtleBot3_Swarm/build/my_gazebo/prefix_override:/usr/lib/python3/dist-packages/colcon_core/task/python/colcon_distutils_commands:/home/janhavi/TurtleBot3_Swarm/install/my_gazebo/lib/python3.10/site-packages:${PYTHONPATH} /usr/bin/python3 -W ignore:setup.py install is deprecated -W ignore:easy_install command is deprecated setup.py egg_info --egg-base ../../build/my_gazebo build --build-base /home/janhavi/TurtleBot3_Swarm/build/my_gazebo/build install --record /home/janhavi/TurtleBot3_Swarm/build/my_gazebo/install.log --single-version-externally-managed install_data
[1.515s] running egg_info
[1.534s] writing ../../build/my_gazebo/my_gazebo.egg-info/PKG-INFO
[1.535s] writing dependency_links to ../../build/my_gazebo/my_gazebo.egg-info/dependency_links.txt
[1.535s] writing requirements to ../../build/my_gazebo/my_gazebo.egg-info/requires.txt
[1.535s] writing top-level names to ../../build/my_gazebo/my_gazebo.egg-info/top_level.txt
[1.578s] reading manifest file '../../build/my_gazebo/my_gazebo.egg-info/SOURCES.txt'
[1.580s] writing manifest file '../../build/my_gazebo/my_gazebo.egg-info/SOURCES.txt'
[1.580s] running build
[1.580s] running build_py
[1.580s] copying my_gazebo/__init__.py -> /home/janhavi/TurtleBot3_Swarm/build/my_gazebo/build/lib/my_gazebo
[1.580s] running install
[1.587s] running install_lib
[1.607s] running install_data
[1.607s] copying resource/my_gazebo -> /home/janhavi/TurtleBot3_Swarm/install/my_gazebo/share/ament_index/resource_index/packages
[1.608s] copying package.xml -> /home/janhavi/TurtleBot3_Swarm/install/my_gazebo/share/my_gazebo
[1.608s] running install_egg_info
[1.629s] removing '/home/janhavi/TurtleBot3_Swarm/install/my_gazebo/lib/python3.10/site-packages/my_gazebo-0.0.0-py3.10.egg-info' (and everything under it)
[1.629s] Copying ../../build/my_gazebo/my_gazebo.egg-info to /home/janhavi/TurtleBot3_Swarm/install/my_gazebo/lib/python3.10/site-packages/my_gazebo-0.0.0-py3.10.egg-info
[1.630s] running install_scripts
[1.793s] writing list of installed files to '/home/janhavi/TurtleBot3_Swarm/build/my_gazebo/install.log'
[1.831s] Invoked command in '/home/janhavi/TurtleBot3_Swarm/src/my_gazebo' returned '0': PYTHONPATH=/home/janhavi/TurtleBot3_Swarm/build/my_gazebo/prefix_override:/usr/lib/python3/dist-packages/colcon_core/task/python/colcon_distutils_commands:/home/janhavi/TurtleBot3_Swarm/install/my_gazebo/lib/python3.10/site-packages:${PYTHONPATH} /usr/bin/python3 -W ignore:setup.py install is deprecated -W ignore:easy_install command is deprecated setup.py egg_info --egg-base ../../build/my_gazebo build --build-base /home/janhavi/TurtleBot3_Swarm/build/my_gazebo/build install --record /home/janhavi/TurtleBot3_Swarm/build/my_gazebo/install.log --single-version-externally-managed install_data
