[0.556s] Invoking command in '/home/janhavi/TurtleBot3_Swarm/src/swarm_locate': PYTHONPATH=/home/janhavi/TurtleBot3_Swarm/build/swarm_locate/prefix_override:/usr/lib/python3/dist-packages/colcon_core/task/python/colcon_distutils_commands:/home/janhavi/TurtleBot3_Swarm/install/swarm_locate/lib/python3.10/site-packages:${PYTHONPATH} /usr/bin/python3 -W ignore:setup.py install is deprecated -W ignore:easy_install command is deprecated setup.py egg_info --egg-base ../../build/swarm_locate build --build-base /home/janhavi/TurtleBot3_Swarm/build/swarm_locate/build install --record /home/janhavi/TurtleBot3_Swarm/build/swarm_locate/install.log --single-version-externally-managed install_data
[0.738s] running egg_info
[0.756s] writing ../../build/swarm_locate/swarm_locate.egg-info/PKG-INFO
[0.757s] writing dependency_links to ../../build/swarm_locate/swarm_locate.egg-info/dependency_links.txt
[0.757s] writing entry points to ../../build/swarm_locate/swarm_locate.egg-info/entry_points.txt
[0.757s] writing requirements to ../../build/swarm_locate/swarm_locate.egg-info/requires.txt
[0.757s] writing top-level names to ../../build/swarm_locate/swarm_locate.egg-info/top_level.txt
[0.777s] reading manifest file '../../build/swarm_locate/swarm_locate.egg-info/SOURCES.txt'
[0.778s] writing manifest file '../../build/swarm_locate/swarm_locate.egg-info/SOURCES.txt'
[0.778s] running build
[0.778s] running build_py
[0.779s] copying swarm_locate/detect_ball.py -> /home/janhavi/TurtleBot3_Swarm/build/swarm_locate/build/lib/swarm_locate
[0.779s] copying swarm_locate/wall_follow.py -> /home/janhavi/TurtleBot3_Swarm/build/swarm_locate/build/lib/swarm_locate
[0.779s] copying swarm_locate/ball_navigation.py -> /home/janhavi/TurtleBot3_Swarm/build/swarm_locate/build/lib/swarm_locate
[0.779s] copying swarm_locate/__init__.py -> /home/janhavi/TurtleBot3_Swarm/build/swarm_locate/build/lib/swarm_locate
[0.779s] running install
[0.782s] running install_lib
[0.790s] copying /home/janhavi/TurtleBot3_Swarm/build/swarm_locate/build/lib/swarm_locate/ball_navigation.py -> /home/janhavi/TurtleBot3_Swarm/install/swarm_locate/lib/python3.10/site-packages/swarm_locate
[0.791s] byte-compiling /home/janhavi/TurtleBot3_Swarm/install/swarm_locate/lib/python3.10/site-packages/swarm_locate/ball_navigation.py to ball_navigation.cpython-310.pyc
[0.792s] running install_data
[0.792s] copying resource/swarm_locate -> /home/janhavi/TurtleBot3_Swarm/install/swarm_locate/share/ament_index/resource_index/packages
[0.792s] copying package.xml -> /home/janhavi/TurtleBot3_Swarm/install/swarm_locate/share/swarm_locate
[0.793s] copying launch/spawn_turtles.launch.py -> /home/janhavi/TurtleBot3_Swarm/install/swarm_locate/share/swarm_locate/launch
[0.793s] copying launch/swarm_behaviour.launch.py -> /home/janhavi/TurtleBot3_Swarm/install/swarm_locate/share/swarm_locate/launch
[0.793s] running install_egg_info
[0.803s] removing '/home/janhavi/TurtleBot3_Swarm/install/swarm_locate/lib/python3.10/site-packages/swarm_locate-0.0.0-py3.10.egg-info' (and everything under it)
[0.803s] Copying ../../build/swarm_locate/swarm_locate.egg-info to /home/janhavi/TurtleBot3_Swarm/install/swarm_locate/lib/python3.10/site-packages/swarm_locate-0.0.0-py3.10.egg-info
[0.803s] running install_scripts
[0.881s] Installing ball_navigation script to /home/janhavi/TurtleBot3_Swarm/install/swarm_locate/lib/swarm_locate
[0.882s] Installing detect_ball script to /home/janhavi/TurtleBot3_Swarm/install/swarm_locate/lib/swarm_locate
[0.882s] Installing wall_follow script to /home/janhavi/TurtleBot3_Swarm/install/swarm_locate/lib/swarm_locate
[0.882s] writing list of installed files to '/home/janhavi/TurtleBot3_Swarm/build/swarm_locate/install.log'
[0.901s] Invoked command in '/home/janhavi/TurtleBot3_Swarm/src/swarm_locate' returned '0': PYTHONPATH=/home/janhavi/TurtleBot3_Swarm/build/swarm_locate/prefix_override:/usr/lib/python3/dist-packages/colcon_core/task/python/colcon_distutils_commands:/home/janhavi/TurtleBot3_Swarm/install/swarm_locate/lib/python3.10/site-packages:${PYTHONPATH} /usr/bin/python3 -W ignore:setup.py install is deprecated -W ignore:easy_install command is deprecated setup.py egg_info --egg-base ../../build/swarm_locate build --build-base /home/janhavi/TurtleBot3_Swarm/build/swarm_locate/build install --record /home/janhavi/TurtleBot3_Swarm/build/swarm_locate/install.log --single-version-externally-managed install_data
