[0.580s] Invoking command in '/home/janhavi/turtle_swarm/src/my_gazebo': PYTHONPATH=/home/janhavi/turtle_swarm/build/my_gazebo/prefix_override:/usr/lib/python3/dist-packages/colcon_core/task/python/colcon_distutils_commands:/home/janhavi/turtle_swarm/install/my_gazebo/lib/python3.10/site-packages:${PYTHONPATH} /usr/bin/python3 -W ignore:setup.py install is deprecated -W ignore:easy_install command is deprecated setup.py egg_info --egg-base ../../build/my_gazebo build --build-base /home/janhavi/turtle_swarm/build/my_gazebo/build install --record /home/janhavi/turtle_swarm/build/my_gazebo/install.log --single-version-externally-managed install_data
[0.752s] running egg_info
[0.752s] creating ../../build/my_gazebo/my_gazebo.egg-info
[0.752s] writing ../../build/my_gazebo/my_gazebo.egg-info/PKG-INFO
[0.752s] writing dependency_links to ../../build/my_gazebo/my_gazebo.egg-info/dependency_links.txt
[0.752s] writing entry points to ../../build/my_gazebo/my_gazebo.egg-info/entry_points.txt
[0.752s] writing requirements to ../../build/my_gazebo/my_gazebo.egg-info/requires.txt
[0.752s] writing top-level names to ../../build/my_gazebo/my_gazebo.egg-info/top_level.txt
[0.752s] writing manifest file '../../build/my_gazebo/my_gazebo.egg-info/SOURCES.txt'
[0.753s] reading manifest file '../../build/my_gazebo/my_gazebo.egg-info/SOURCES.txt'
[0.754s] writing manifest file '../../build/my_gazebo/my_gazebo.egg-info/SOURCES.txt'
[0.754s] running build
[0.754s] running build_py
[0.754s] creating /home/janhavi/turtle_swarm/build/my_gazebo/build
[0.754s] creating /home/janhavi/turtle_swarm/build/my_gazebo/build/lib
[0.754s] creating /home/janhavi/turtle_swarm/build/my_gazebo/build/lib/my_gazebo
[0.754s] copying my_gazebo/__init__.py -> /home/janhavi/turtle_swarm/build/my_gazebo/build/lib/my_gazebo
[0.754s] running install
[0.754s] running install_lib
[0.754s] creating /home/janhavi/turtle_swarm/install/my_gazebo/lib/python3.10/site-packages/my_gazebo
[0.755s] copying /home/janhavi/turtle_swarm/build/my_gazebo/build/lib/my_gazebo/__init__.py -> /home/janhavi/turtle_swarm/install/my_gazebo/lib/python3.10/site-packages/my_gazebo
[0.755s] byte-compiling /home/janhavi/turtle_swarm/install/my_gazebo/lib/python3.10/site-packages/my_gazebo/__init__.py to __init__.cpython-310.pyc
[0.755s] running install_data
[0.755s] creating /home/janhavi/turtle_swarm/install/my_gazebo/share/ament_index
[0.755s] creating /home/janhavi/turtle_swarm/install/my_gazebo/share/ament_index/resource_index
[0.755s] creating /home/janhavi/turtle_swarm/install/my_gazebo/share/ament_index/resource_index/packages
[0.755s] copying resource/my_gazebo -> /home/janhavi/turtle_swarm/install/my_gazebo/share/ament_index/resource_index/packages
[0.755s] copying package.xml -> /home/janhavi/turtle_swarm/install/my_gazebo/share/my_gazebo
[0.755s] running install_egg_info
[0.756s] Copying ../../build/my_gazebo/my_gazebo.egg-info to /home/janhavi/turtle_swarm/install/my_gazebo/lib/python3.10/site-packages/my_gazebo-0.0.0-py3.10.egg-info
[0.757s] running install_scripts
[0.770s] writing list of installed files to '/home/janhavi/turtle_swarm/build/my_gazebo/install.log'
[0.786s] Invoked command in '/home/janhavi/turtle_swarm/src/my_gazebo' returned '0': PYTHONPATH=/home/janhavi/turtle_swarm/build/my_gazebo/prefix_override:/usr/lib/python3/dist-packages/colcon_core/task/python/colcon_distutils_commands:/home/janhavi/turtle_swarm/install/my_gazebo/lib/python3.10/site-packages:${PYTHONPATH} /usr/bin/python3 -W ignore:setup.py install is deprecated -W ignore:easy_install command is deprecated setup.py egg_info --egg-base ../../build/my_gazebo build --build-base /home/janhavi/turtle_swarm/build/my_gazebo/build install --record /home/janhavi/turtle_swarm/build/my_gazebo/install.log --single-version-externally-managed install_data
